#
# A fatal error has been detected by the Java Runtime Environment:
#
#  SIGSEGV (0xb) at pc=0x00007f449d156d62, pid=12993, tid=0x00007f449cb85700
#
# JRE version: OpenJDK Runtime Environment (8.0_312-b07) (build 1.8.0_312-8u312-b07-0ubuntu1~20.04-b07)
# Java VM: OpenJDK 64-Bit Server VM (25.312-b07 mixed mode linux-amd64 compressed oops)
# Problematic frame:
# C  [libatk-bridge-2.0.so.0+0x11d62]  atk_bridge_adaptor_init+0x342
#
# Failed to write core dump. Core dumps have been disabled. To enable core dumping, try "ulimit -c unlimited" before starting Java again
#
# If you would like to submit a bug report, please visit:
#   http://bugreport.java.com/bugreport/crash.jsp
# The crash happened outside the Java Virtual Machine in native code.
# See problematic frame for where to report the bug.
#

---------------  T H R E A D  ---------------

Current thread (0x00007f44c832f800):  JavaThread "AWT-EventQueue-1" [_thread_in_native, id=13038, stack(0x00007f449ca85000,0x00007f449cb86000)]

siginfo: si_signo: 11 (SIGSEGV), si_code: 1 (SEGV_MAPERR), si_addr: 0x0000000000000020

Registers:
RAX=0x0000000000000000, RBX=0x00007f449d17b038, RCX=0x0000000000000005, RDX=0x0000000000000000
RSP=0x00007f449cb82ae0, RBP=0x00007f440800c330, RSI=0x00007f449d170340, RDI=0x00007f4408007520
R8 =0x0000000000000000, R9 =0x0000000000000002, R10=0x0000000000000000, R11=0x0000000000000030
R12=0x0000000000000000, R13=0x00007f44c82efab0, R14=0x00007f449cb82af0, R15=0x00007f449d17b030
RIP=0x00007f449d156d62, EFLAGS=0x0000000000010246, CSGSFS=0x002b000000000033, ERR=0x0000000000000004
  TRAPNO=0x000000000000000e

Top of Stack: (sp=0x00007f449cb82ae0)
0x00007f449cb82ae0:   00007f44b6a3a7b0 0000000000000000
0x00007f449cb82af0:   0000000000000000 0000000000000000
0x00007f449cb82b00:   00007f449cb82b21 00007f44b6a3a7b0
0x00007f449cb82b10:   00007f44c832f800 1c3a8d0b1d1f5b00
0x00007f449cb82b20:   00007f44b6a3a7b0 00007f449d213540
0x00007f449cb82b30:   00007f449d213540 0000000000000000
0x00007f449cb82b40:   00007f44b6a3a7b0 00007f449cb82c10
0x00007f449cb82b50:   00007f44c832f800 00007f449d1f1273
0x00007f449cb82b60:   00007f449d213540 00007f44b6a3a7b0
0x00007f449cb82b70:   0000000000000000 00007f449d1f1566
0x00007f449cb82b80:   0000000000000000 1c3a8d0b1d1f5b00
0x00007f449cb82b90:   00007f44b6a3a7b0 00007f449cb82bf8
0x00007f449cb82ba0:   0000000000000000 00007f44b9018427
0x00007f449cb82bb0:   00007f44b9018142 00007f449cb82bb8
0x00007f449cb82bc0:   00007f44b6a3a7b0 00007f449cb82c10
0x00007f449cb82bd0:   00007f44b6a3d428 0000000000000000
0x00007f449cb82be0:   00007f44b6a3a7b0 0000000000000000
0x00007f449cb82bf0:   00007f449cb82c18 00007f449cb82c58
0x00007f449cb82c00:   00007f44b9007ffd 000000076e94f8b8
0x00007f449cb82c10:   00007f44b9011a58 00007f449cb82c18
0x00007f449cb82c20:   00007f44b6a3f9e2 00007f449cb82c78
0x00007f449cb82c30:   00007f44b6a3fb98 0000000000000000
0x00007f449cb82c40:   00007f44b6a3faf8 00007f449cb82c18
0x00007f449cb82c50:   00007f449cb82c70 00007f449cb82cc0
0x00007f449cb82c60:   00007f44b9008042 0000000000000000
0x00007f449cb82c70:   000000076e9d4ee8 000000076e9a0a80
0x00007f449cb82c80:   00007f449cb82c80 00007f44b6a917c5
0x00007f449cb82c90:   00007f449cb82d00 00007f44b6a91988
0x00007f449cb82ca0:   0000000000000000 00007f44b6a917e8
0x00007f449cb82cb0:   00007f449cb82c70 00007f449cb82cf8
0x00007f449cb82cc0:   00007f449cb82d48 00007f44b9008042
0x00007f449cb82cd0:   0000000000000000 0000000000000000 

Instructions: (pc=0x00007f449d156d62)
0x00007f449d156d42:   8b 03 31 d2 48 8d 35 93 95 01 00 48 8b 78 20 e8
0x00007f449d156d52:   3a bc ff ff 48 8b 03 31 d2 48 8d 35 de 95 01 00
0x00007f449d156d62:   48 8b 78 20 e8 25 bc ff ff 48 8b 03 31 d2 31 c9
0x00007f449d156d72:   48 8d 35 47 0a 00 00 48 8b 78 20 e8 fe cf ff ff 

Register to memory mapping:

RAX=0x0000000000000000 is an unknown value
RBX=0x00007f449d17b038: spi_global_app_data+0 in /lib/x86_64-linux-gnu/libatk-bridge-2.0.so.0 at 0x00007f449d145000
RCX=0x0000000000000005 is an unknown value
RDX=0x0000000000000000 is an unknown value
RSP=0x00007f449cb82ae0 is pointing into the stack for thread: 0x00007f44c832f800
RBP=0x00007f440800c330 is an unknown value
RSI=0x00007f449d170340: <offset 0x2b340> in /lib/x86_64-linux-gnu/libatk-bridge-2.0.so.0 at 0x00007f449d145000
RDI=0x00007f4408007520 is an unknown value
R8 =0x0000000000000000 is an unknown value
R9 =0x0000000000000002 is an unknown value
R10=0x0000000000000000 is an unknown value
R11=0x0000000000000030 is an unknown value
R12=0x0000000000000000 is an unknown value
R13=0x00007f44c82efab0 is an unknown value
R14=0x00007f449cb82af0 is pointing into the stack for thread: 0x00007f44c832f800
R15=0x00007f449d17b030: atspi_dbus_name+0 in /lib/x86_64-linux-gnu/libatk-bridge-2.0.so.0 at 0x00007f449d145000


Stack: [0x00007f449ca85000,0x00007f449cb86000],  sp=0x00007f449cb82ae0,  free space=1014k
Native frames: (J=compiled Java code, j=interpreted, Vv=VM code, C=native code)
C  [libatk-bridge-2.0.so.0+0x11d62]  atk_bridge_adaptor_init+0x342

Java frames: (J=compiled Java code, j=interpreted, Vv=VM code)
j  org.GNOME.Accessibility.AtkWrapper.loadAtkBridge()V+0
j  org.GNOME.Accessibility.AtkWrapper$4.eventDispatched(Ljava/awt/AWTEvent;)V+18
j  java.awt.Toolkit$SelectiveAWTEventListener.eventDispatched(Ljava/awt/AWTEvent;)V+733
j  java.awt.Toolkit.notifyAWTEventListeners(Ljava/awt/AWTEvent;)V+30
j  java.awt.Component.dispatchEventImpl(Ljava/awt/AWTEvent;)V+257
j  java.awt.Container.dispatchEventImpl(Ljava/awt/AWTEvent;)V+42
j  java.awt.Window.dispatchEventImpl(Ljava/awt/AWTEvent;)V+19
j  java.awt.Component.dispatchEvent(Ljava/awt/AWTEvent;)V+2
j  java.awt.EventQueue.dispatchEventImpl(Ljava/awt/AWTEvent;Ljava/lang/Object;)V+41
j  java.awt.EventQueue.access$500(Ljava/awt/EventQueue;Ljava/awt/AWTEvent;Ljava/lang/Object;)V+3
j  java.awt.EventQueue$3.run()Ljava/lang/Void;+32
j  java.awt.EventQueue$3.run()Ljava/lang/Object;+1
v  ~StubRoutines::call_stub
j  java.security.AccessController.doPrivileged(Ljava/security/PrivilegedAction;Ljava/security/AccessControlContext;)Ljava/lang/Object;+0
j  java.security.ProtectionDomain$JavaSecurityAccessImpl.doIntersectionPrivilege(Ljava/security/PrivilegedAction;Ljava/security/AccessControlContext;Ljava/security/AccessControlContext;)Ljava/lang/Object;+18
j  java.security.ProtectionDomain$JavaSecurityAccessImpl.doIntersectionPrivilege(Ljava/security/PrivilegedAction;Ljava/security/AccessControlContext;)Ljava/lang/Object;+6
j  java.awt.EventQueue$4.run()Ljava/lang/Void;+11
j  java.awt.EventQueue$4.run()Ljava/lang/Object;+1
v  ~StubRoutines::call_stub
j  java.security.AccessController.doPrivileged(Ljava/security/PrivilegedAction;Ljava/security/AccessControlContext;)Ljava/lang/Object;+0
j  java.security.ProtectionDomain$JavaSecurityAccessImpl.doIntersectionPrivilege(Ljava/security/PrivilegedAction;Ljava/security/AccessControlContext;Ljava/security/AccessControlContext;)Ljava/lang/Object;+18
j  java.awt.EventQueue.dispatchEvent(Ljava/awt/AWTEvent;)V+73
j  org.GNOME.Accessibility.AtkWrapper$6.dispatchEvent(Ljava/awt/AWTEvent;)V+100
j  java.awt.EventDispatchThread.pumpOneEventForFilters(I)V+140
j  java.awt.EventDispatchThread.pumpEventsForFilter(ILjava/awt/Conditional;Ljava/awt/EventFilter;)V+35
j  java.awt.EventDispatchThread.pumpEventsForHierarchy(ILjava/awt/Conditional;Ljava/awt/Component;)V+11
j  java.awt.EventDispatchThread.pumpEvents(ILjava/awt/Conditional;)V+4
j  java.awt.EventDispatchThread.pumpEvents(Ljava/awt/Conditional;)V+3
j  java.awt.EventDispatchThread.run()V+9
v  ~StubRoutines::call_stub

---------------  P R O C E S S  ---------------

Java Threads: ( => current thread )
=>0x00007f44c832f800 JavaThread "AWT-EventQueue-1" [_thread_in_native, id=13038, stack(0x00007f449ca85000,0x00007f449cb86000)]
  0x00007f44c832b800 JavaThread "AWT-Shutdown" [_thread_blocked, id=13037, stack(0x00007f449cb86000,0x00007f449cc87000)]
  0x00007f44c82e6000 JavaThread "process reaper" daemon [_thread_blocked, id=13036, stack(0x00007f449d517000,0x00007f449d550000)]
  0x00007f44c82d0800 JavaThread "AWT-XAWT" daemon [_thread_in_native, id=13034, stack(0x00007f449d214000,0x00007f449d315000)]
  0x00007f44c82a8800 JavaThread "Java2D Disposer" daemon [_thread_blocked, id=13033, stack(0x00007f449d315000,0x00007f449d416000)]
  0x00007f44c80f2800 JavaThread "Service Thread" daemon [_thread_blocked, id=13031, stack(0x00007f449de73000,0x00007f449df74000)]
  0x00007f44c80ef800 JavaThread "C1 CompilerThread11" daemon [_thread_in_native, id=13030, stack(0x00007f449df75000,0x00007f449e075000)]
  0x00007f44c80ed000 JavaThread "C1 CompilerThread10" daemon [_thread_in_native, id=13029, stack(0x00007f449e076000,0x00007f449e176000)]
  0x00007f44c80eb000 JavaThread "C1 CompilerThread9" daemon [_thread_in_native, id=13028, stack(0x00007f449e177000,0x00007f449e277000)]
  0x00007f44c80e9800 JavaThread "C1 CompilerThread8" daemon [_thread_blocked, id=13027, stack(0x00007f449e278000,0x00007f449e378000)]
  0x00007f44c80e7000 JavaThread "C2 CompilerThread7" daemon [_thread_blocked, id=13026, stack(0x00007f449e379000,0x00007f449e479000)]
  0x00007f44c80e5000 JavaThread "C2 CompilerThread6" daemon [_thread_blocked, id=13025, stack(0x00007f449e47a000,0x00007f449e57a000)]
  0x00007f44c80e3000 JavaThread "C2 CompilerThread5" daemon [_thread_blocked, id=13024, stack(0x00007f449e57b000,0x00007f449e67b000)]
  0x00007f44c80e0800 JavaThread "C2 CompilerThread4" daemon [_thread_blocked, id=13023, stack(0x00007f449e67c000,0x00007f449e77c000)]
  0x00007f44c80d6800 JavaThread "C2 CompilerThread3" daemon [_thread_blocked, id=13022, stack(0x00007f449e77d000,0x00007f449e87d000)]
  0x00007f44c80d4800 JavaThread "C2 CompilerThread2" daemon [_thread_blocked, id=13021, stack(0x00007f449e87e000,0x00007f449e97e000)]
  0x00007f44c80d2800 JavaThread "C2 CompilerThread1" daemon [_thread_blocked, id=13020, stack(0x00007f449e97f000,0x00007f449ea7f000)]
  0x00007f44c80cf800 JavaThread "C2 CompilerThread0" daemon [_thread_in_native, id=13019, stack(0x00007f449ea80000,0x00007f449eb80000)]
  0x00007f44c80ca000 JavaThread "Signal Dispatcher" daemon [_thread_blocked, id=13018, stack(0x00007f449eb80000,0x00007f449ec81000)]
  0x00007f44c809b000 JavaThread "Finalizer" daemon [_thread_blocked, id=13017, stack(0x00007f449f1f2000,0x00007f449f2f3000)]
  0x00007f44c8096800 JavaThread "Reference Handler" daemon [_thread_blocked, id=13016, stack(0x00007f449f2f3000,0x00007f449f3f4000)]
  0x00007f44c800c000 JavaThread "main" [_thread_in_Java, id=13000, stack(0x00007f44cc264000,0x00007f44cc364000)]

Other Threads:
  0x00007f44c808c800 VMThread [stack: 0x00007f449f3f5000,0x00007f449f4f5000] [id=13015]
  0x00007f44c80f5000 WatcherThread [stack: 0x00007f449dd73000,0x00007f449de73000] [id=13032]

VM state:not at safepoint (normal execution)

VM Mutex/Monitor currently owned by a thread: None

heap address: 0x00000006ca400000, size: 3932 MB, Compressed Oops mode: Zero based, Oop shift amount: 3
Narrow klass base: 0x0000000000000000, Narrow klass shift: 3
Compressed class space size: 1073741824 Address: 0x00000007c0000000

Heap:
 PSYoungGen      total 73728K, used 12699K [0x000000076e180000, 0x0000000773380000, 0x00000007c0000000)
  eden space 63488K, 20% used [0x000000076e180000,0x000000076ede6cc8,0x0000000771f80000)
  from space 10240K, 0% used [0x0000000772980000,0x0000000772980000,0x0000000773380000)
  to   space 10240K, 0% used [0x0000000771f80000,0x0000000771f80000,0x0000000772980000)
 ParOldGen       total 167936K, used 0K [0x00000006ca400000, 0x00000006d4800000, 0x000000076e180000)
  object space 167936K, 0% used [0x00000006ca400000,0x00000006ca400000,0x00000006d4800000)
 Metaspace       used 8191K, capacity 8444K, committed 8704K, reserved 1056768K
  class space    used 904K, capacity 977K, committed 1024K, reserved 1048576K

Card table byte_map: [0x00007f44b8491000,0x00007f44b8c40000] byte_map_base: 0x00007f44b4e3f000

Marking Bits: (ParMarkBitMap*) 0x00007f44cd495720
 Begin Bits: [0x00007f4488520000, 0x00007f448c290000)
 End Bits:   [0x00007f448c290000, 0x00007f4490000000)

Polling page: 0x00007f44cd76e000

CodeCache: size=245760Kb used=3669Kb max_used=3669Kb free=242091Kb
 bounds [0x00007f44b9000000, 0x00007f44b93a0000, 0x00007f44c8000000]
 total_blobs=858 nmethods=387 adapters=382
 compilation: enabled

Compilation events (10 events):
Event: 0,149 Thread 0x00007f44c80e9800 nmethod 379 0x00007f44b9391a90 code [0x00007f44b9391c00, 0x00007f44b9391ee8]
Event: 0,149 Thread 0x00007f44c80e9800  380       3       java.lang.Long::compareTo (9 bytes)
Event: 0,149 Thread 0x00007f44c80ef800 nmethod 376 0x00007f44b9392010 code [0x00007f44b9392180, 0x00007f44b93922d0]
Event: 0,149 Thread 0x00007f44c80ef800  381       3       java.lang.Long::compareTo (12 bytes)
Event: 0,149 Thread 0x00007f44c80e9800 nmethod 380 0x00007f44b9392390 code [0x00007f44b9392520, 0x00007f44b9392970]
Event: 0,149 Thread 0x00007f44c80ed000 nmethod 378 0x00007f44b9392a90 code [0x00007f44b9392c00, 0x00007f44b9392ee8]
Event: 0,149 Thread 0x00007f44c80eb000 nmethod 377 0x00007f44b9393010 code [0x00007f44b93931a0, 0x00007f44b93934e8]
Event: 0,149 Thread 0x00007f44c80ef800 nmethod 381 0x00007f44b9393690 code [0x00007f44b9393800, 0x00007f44b9393a90]
Event: 0,150 Thread 0x00007f44c80e9800  382       3       sun.awt.X11.XWrapperBase::<init> (5 bytes)
Event: 0,150 Thread 0x00007f44c80e9800 nmethod 382 0x00007f44b9393b50 code [0x00007f44b9393cc0, 0x00007f44b9393e70]

GC Heap History (0 events):
No events

Deoptimization events (0 events):
No events

Classes redefined (0 events):
No events

Internal exceptions (10 events):
Event: 0,033 Thread 0x00007f44c800c000 Exception <a 'java/security/PrivilegedActionException'> (0x000000076e1e0d48) thrown at [/build/openjdk-8-85WbbC/openjdk-8-8u312-b07/src/hotspot/src/share/vm/prims/jvm.cpp, line 1521]
Event: 0,033 Thread 0x00007f44c800c000 Exception <a 'java/security/PrivilegedActionException'> (0x000000076e1e0f58) thrown at [/build/openjdk-8-85WbbC/openjdk-8-8u312-b07/src/hotspot/src/share/vm/prims/jvm.cpp, line 1521]
Event: 0,058 Thread 0x00007f44c800c000 Exception <a 'java/security/PrivilegedActionException'> (0x000000076e27fe98) thrown at [/build/openjdk-8-85WbbC/openjdk-8-8u312-b07/src/hotspot/src/share/vm/prims/jvm.cpp, line 1521]
Event: 0,058 Thread 0x00007f44c800c000 Exception <a 'java/security/PrivilegedActionException'> (0x000000076e2800a8) thrown at [/build/openjdk-8-85WbbC/openjdk-8-8u312-b07/src/hotspot/src/share/vm/prims/jvm.cpp, line 1521]
Event: 0,058 Thread 0x00007f44c800c000 Exception <a 'java/security/PrivilegedActionException'> (0x000000076e2829b0) thrown at [/build/openjdk-8-85WbbC/openjdk-8-8u312-b07/src/hotspot/src/share/vm/prims/jvm.cpp, line 1521]
Event: 0,058 Thread 0x00007f44c800c000 Exception <a 'java/security/PrivilegedActionException'> (0x000000076e282bc0) thrown at [/build/openjdk-8-85WbbC/openjdk-8-8u312-b07/src/hotspot/src/share/vm/prims/jvm.cpp, line 1521]
Event: 0,083 Thread 0x00007f44c800c000 Exception <a 'java/lang/NoSuchFieldError': method resolution failed> (0x000000076e5cda48) thrown at [/build/openjdk-8-85WbbC/openjdk-8-8u312-b07/src/hotspot/src/share/vm/prims/methodHandles.cpp, line 1176]
Event: 0,084 Thread 0x00007f44c800c000 Exception <a 'java/lang/NoSuchFieldError': method resolution failed> (0x000000076e5db218) thrown at [/build/openjdk-8-85WbbC/openjdk-8-8u312-b07/src/hotspot/src/share/vm/prims/methodHandles.cpp, line 1176]
Event: 0,093 Thread 0x00007f44c800c000 Exception <a 'java/io/FileNotFoundException'> (0x000000076e659e58) thrown at [/build/openjdk-8-85WbbC/openjdk-8-8u312-b07/src/hotspot/src/share/vm/prims/jni.cpp, line 711]
Event: 0,101 Thread 0x00007f44c800c000 Exception <a 'java/lang/ClassNotFoundException': sun/dc/DuctusRenderingEngine> (0x000000076e675050) thrown at [/build/openjdk-8-85WbbC/openjdk-8-8u312-b07/src/hotspot/src/share/vm/classfile/systemDictionary.cpp, line 217]

Events (10 events):
Event: 0,146 loading class java/awt/event/FocusEvent
Event: 0,146 loading class java/awt/event/InputMethodEvent
Event: 0,146 loading class java/awt/event/FocusEvent done
Event: 0,146 loading class sun/awt/HeadlessToolkit
Event: 0,146 loading class java/awt/event/InputMethodEvent done
Event: 0,146 loading class java/awt/event/ActionEvent
Event: 0,146 loading class java/awt/event/ActionEvent done
Event: 0,146 loading class sun/awt/HeadlessToolkit done
Event: 0,149 loading class sun/awt/X11/XReparentEvent
Event: 0,149 loading class sun/awt/X11/XReparentEvent done


Dynamic libraries:
6ca400000-6d4800000 rw-p 00000000 00:00 0 
6d4800000-76e180000 ---p 00000000 00:00 0 
76e180000-773380000 rw-p 00000000 00:00 0 
773380000-7c0000000 ---p 00000000 00:00 0 
7c0000000-7c0100000 rw-p 00000000 00:00 0 
7c0100000-800000000 ---p 00000000 00:00 0 
55a063ab9000-55a063aba000 r--p 00000000 103:04 6170324                   /usr/lib/jvm/java-8-openjdk-amd64/jre/bin/java
55a063aba000-55a063abb000 r-xp 00001000 103:04 6170324                   /usr/lib/jvm/java-8-openjdk-amd64/jre/bin/java
55a063abb000-55a063abc000 r--p 00002000 103:04 6170324                   /usr/lib/jvm/java-8-openjdk-amd64/jre/bin/java
55a063abc000-55a063abd000 r--p 00002000 103:04 6170324                   /usr/lib/jvm/java-8-openjdk-amd64/jre/bin/java
55a063abd000-55a063abe000 rw-p 00003000 103:04 6170324                   /usr/lib/jvm/java-8-openjdk-amd64/jre/bin/java
55a065a62000-55a065a83000 rw-p 00000000 00:00 0                          [heap]
7f4404000000-7f4404021000 rw-p 00000000 00:00 0 
7f4404021000-7f4408000000 ---p 00000000 00:00 0 
7f4408000000-7f4408021000 rw-p 00000000 00:00 0 
7f4408021000-7f440c000000 ---p 00000000 00:00 0 
7f440c000000-7f440c021000 rw-p 00000000 00:00 0 
7f440c021000-7f4410000000 ---p 00000000 00:00 0 
7f4410000000-7f4410021000 rw-p 00000000 00:00 0 
7f4410021000-7f4414000000 ---p 00000000 00:00 0 
7f4414000000-7f4414021000 rw-p 00000000 00:00 0 
7f4414021000-7f4418000000 ---p 00000000 00:00 0 
7f4418000000-7f4418021000 rw-p 00000000 00:00 0 
7f4418021000-7f441c000000 ---p 00000000 00:00 0 
7f441c000000-7f441c0a4000 rw-p 00000000 00:00 0 
7f441c0a4000-7f4420000000 ---p 00000000 00:00 0 
7f4420000000-7f4420021000 rw-p 00000000 00:00 0 
7f4420021000-7f4424000000 ---p 00000000 00:00 0 
7f4424000000-7f44240b4000 rw-p 00000000 00:00 0 
7f44240b4000-7f4428000000 ---p 00000000 00:00 0 
7f4428000000-7f44280ec000 rw-p 00000000 00:00 0 
7f44280ec000-7f442c000000 ---p 00000000 00:00 0 
7f442c000000-7f442c021000 rw-p 00000000 00:00 0 
7f442c021000-7f4430000000 ---p 00000000 00:00 0 
7f4430000000-7f44300ac000 rw-p 00000000 00:00 0 
7f44300ac000-7f4434000000 ---p 00000000 00:00 0 
7f4434000000-7f4434021000 rw-p 00000000 00:00 0 
7f4434021000-7f4438000000 ---p 00000000 00:00 0 
7f4438000000-7f4438021000 rw-p 00000000 00:00 0 
7f4438021000-7f443c000000 ---p 00000000 00:00 0 
7f443c000000-7f443c021000 rw-p 00000000 00:00 0 
7f443c021000-7f4440000000 ---p 00000000 00:00 0 
7f4440000000-7f4440021000 rw-p 00000000 00:00 0 
7f4440021000-7f4444000000 ---p 00000000 00:00 0 
7f4444000000-7f4444021000 rw-p 00000000 00:00 0 
7f4444021000-7f4448000000 ---p 00000000 00:00 0 
7f4448000000-7f4448022000 rw-p 00000000 00:00 0 
7f4448022000-7f444c000000 ---p 00000000 00:00 0 
7f444c000000-7f444c021000 rw-p 00000000 00:00 0 
7f444c021000-7f4450000000 ---p 00000000 00:00 0 
7f4450000000-7f445006f000 rw-p 00000000 00:00 0 
7f445006f000-7f4454000000 ---p 00000000 00:00 0 
7f4454000000-7f4454021000 rw-p 00000000 00:00 0 
7f4454021000-7f4458000000 ---p 00000000 00:00 0 
7f4458000000-7f4458021000 rw-p 00000000 00:00 0 
7f4458021000-7f445c000000 ---p 00000000 00:00 0 
7f445c000000-7f445c021000 rw-p 00000000 00:00 0 
7f445c021000-7f4460000000 ---p 00000000 00:00 0 
7f4460000000-7f4460021000 rw-p 00000000 00:00 0 
7f4460021000-7f4464000000 ---p 00000000 00:00 0 
7f4464000000-7f4464021000 rw-p 00000000 00:00 0 
7f4464021000-7f4468000000 ---p 00000000 00:00 0 
7f446c000000-7f446c021000 rw-p 00000000 00:00 0 
7f446c021000-7f4470000000 ---p 00000000 00:00 0 
7f4474000000-7f4474021000 rw-p 00000000 00:00 0 
7f4474021000-7f4478000000 ---p 00000000 00:00 0 
7f447c000000-7f447c021000 rw-p 00000000 00:00 0 
7f447c021000-7f4480000000 ---p 00000000 00:00 0 
7f4484000000-7f4484021000 rw-p 00000000 00:00 0 
7f4484021000-7f4488000000 ---p 00000000 00:00 0 
7f4488520000-7f4490000000 rw-p 00000000 00:00 0 
7f4490000000-7f4490021000 rw-p 00000000 00:00 0 
7f4490021000-7f4494000000 ---p 00000000 00:00 0 
7f4498000000-7f4498021000 rw-p 00000000 00:00 0 
7f4498021000-7f449c000000 ---p 00000000 00:00 0 
7f449ca85000-7f449ca88000 ---p 00000000 00:00 0 
7f449ca88000-7f449cb86000 rw-p 00000000 00:00 0 
7f449cb86000-7f449cb89000 ---p 00000000 00:00 0 
7f449cb89000-7f449cc87000 rw-p 00000000 00:00 0 
7f449cc87000-7f449cc8b000 r--p 00000000 103:04 4858183                   /usr/lib/x86_64-linux-gnu/libgpg-error.so.0.28.0
7f449cc8b000-7f449cc9e000 r-xp 00004000 103:04 4858183                   /usr/lib/x86_64-linux-gnu/libgpg-error.so.0.28.0
7f449cc9e000-7f449cca8000 r--p 00017000 103:04 4858183                   /usr/lib/x86_64-linux-gnu/libgpg-error.so.0.28.0
7f449cca8000-7f449cca9000 r--p 00020000 103:04 4858183                   /usr/lib/x86_64-linux-gnu/libgpg-error.so.0.28.0
7f449cca9000-7f449ccaa000 rw-p 00021000 103:04 4858183                   /usr/lib/x86_64-linux-gnu/libgpg-error.so.0.28.0
7f449ccaa000-7f449ccb6000 r--p 00000000 103:04 4855885                   /usr/lib/x86_64-linux-gnu/libgcrypt.so.20.2.5
7f449ccb6000-7f449cd84000 r-xp 0000c000 103:04 4855885                   /usr/lib/x86_64-linux-gnu/libgcrypt.so.20.2.5
7f449cd84000-7f449cdc1000 r--p 000da000 103:04 4855885                   /usr/lib/x86_64-linux-gnu/libgcrypt.so.20.2.5
7f449cdc1000-7f449cdc3000 r--p 00116000 103:04 4855885                   /usr/lib/x86_64-linux-gnu/libgcrypt.so.20.2.5
7f449cdc3000-7f449cdc8000 rw-p 00118000 103:04 4855885                   /usr/lib/x86_64-linux-gnu/libgcrypt.so.20.2.5
7f449cdc8000-7f449cdca000 r--p 00000000 103:04 4858448                   /usr/lib/x86_64-linux-gnu/liblz4.so.1.9.2
7f449cdca000-7f449cde4000 r-xp 00002000 103:04 4858448                   /usr/lib/x86_64-linux-gnu/liblz4.so.1.9.2
7f449cde4000-7f449cde7000 r--p 0001c000 103:04 4858448                   /usr/lib/x86_64-linux-gnu/liblz4.so.1.9.2
7f449cde7000-7f449cde8000 r--p 0001e000 103:04 4858448                   /usr/lib/x86_64-linux-gnu/liblz4.so.1.9.2
7f449cde8000-7f449cde9000 rw-p 0001f000 103:04 4858448                   /usr/lib/x86_64-linux-gnu/liblz4.so.1.9.2
7f449cde9000-7f449cdec000 r--p 00000000 103:04 4858450                   /usr/lib/x86_64-linux-gnu/liblzma.so.5.2.4
7f449cdec000-7f449ce04000 r-xp 00003000 103:04 4858450                   /usr/lib/x86_64-linux-gnu/liblzma.so.5.2.4
7f449ce04000-7f449ce0f000 r--p 0001b000 103:04 4858450                   /usr/lib/x86_64-linux-gnu/liblzma.so.5.2.4
7f449ce0f000-7f449ce10000 ---p 00026000 103:04 4858450                   /usr/lib/x86_64-linux-gnu/liblzma.so.5.2.4
7f449ce10000-7f449ce11000 r--p 00026000 103:04 4858450                   /usr/lib/x86_64-linux-gnu/liblzma.so.5.2.4
7f449ce11000-7f449ce12000 rw-p 00027000 103:04 4858450                   /usr/lib/x86_64-linux-gnu/liblzma.so.5.2.4
7f449ce12000-7f449ce22000 r--p 00000000 103:04 4855436                   /usr/lib/x86_64-linux-gnu/libsystemd.so.0.28.0
7f449ce22000-7f449ce97000 r-xp 00010000 103:04 4855436                   /usr/lib/x86_64-linux-gnu/libsystemd.so.0.28.0
7f449ce97000-7f449cebc000 r--p 00085000 103:04 4855436                   /usr/lib/x86_64-linux-gnu/libsystemd.so.0.28.0
7f449cebc000-7f449cebf000 r--p 000a9000 103:04 4855436                   /usr/lib/x86_64-linux-gnu/libsystemd.so.0.28.0
7f449cebf000-7f449cec0000 rw-p 000ac000 103:04 4855436                   /usr/lib/x86_64-linux-gnu/libsystemd.so.0.28.0
7f449cec0000-7f449cec1000 rw-p 00000000 00:00 0 
7f449cec1000-7f449cec3000 r--p 00000000 103:04 4858659                   /usr/lib/x86_64-linux-gnu/libpcre.so.3.13.3
7f449cec3000-7f449cf14000 r-xp 00002000 103:04 4858659                   /usr/lib/x86_64-linux-gnu/libpcre.so.3.13.3
7f449cf14000-7f449cf32000 r--p 00053000 103:04 4858659                   /usr/lib/x86_64-linux-gnu/libpcre.so.3.13.3
7f449cf32000-7f449cf33000 r--p 00070000 103:04 4858659                   /usr/lib/x86_64-linux-gnu/libpcre.so.3.13.3
7f449cf33000-7f449cf34000 rw-p 00071000 103:04 4858659                   /usr/lib/x86_64-linux-gnu/libpcre.so.3.13.3
7f449cf34000-7f449cf43000 r--p 00000000 103:04 4857732                   /usr/lib/x86_64-linux-gnu/libatspi.so.0.0.1
7f449cf43000-7f449cf59000 r-xp 0000f000 103:04 4857732                   /usr/lib/x86_64-linux-gnu/libatspi.so.0.0.1
7f449cf59000-7f449cf66000 r--p 00025000 103:04 4857732                   /usr/lib/x86_64-linux-gnu/libatspi.so.0.0.1
7f449cf66000-7f449cf67000 ---p 00032000 103:04 4857732                   /usr/lib/x86_64-linux-gnu/libatspi.so.0.0.1
7f449cf67000-7f449cf6a000 r--p 00032000 103:04 4857732                   /usr/lib/x86_64-linux-gnu/libatspi.so.0.0.1
7f449cf6a000-7f449cf6b000 rw-p 00035000 103:04 4857732                   /usr/lib/x86_64-linux-gnu/libatspi.so.0.0.1
7f449cf6b000-7f449cf76000 r--p 00000000 103:04 4857907                   /usr/lib/x86_64-linux-gnu/libdbus-1.so.3.19.11
7f449cf76000-7f449cfa4000 r-xp 0000b000 103:04 4857907                   /usr/lib/x86_64-linux-gnu/libdbus-1.so.3.19.11
7f449cfa4000-7f449cfb9000 r--p 00039000 103:04 4857907                   /usr/lib/x86_64-linux-gnu/libdbus-1.so.3.19.11
7f449cfb9000-7f449cfba000 ---p 0004e000 103:04 4857907                   /usr/lib/x86_64-linux-gnu/libdbus-1.so.3.19.11
7f449cfba000-7f449cfbb000 r--p 0004e000 103:04 4857907                   /usr/lib/x86_64-linux-gnu/libdbus-1.so.3.19.11
7f449cfbb000-7f449cfbc000 rw-p 0004f000 103:04 4857907                   /usr/lib/x86_64-linux-gnu/libdbus-1.so.3.19.11
7f449cfbc000-7f449cfd8000 r--p 00000000 103:04 4858149                   /usr/lib/x86_64-linux-gnu/libglib-2.0.so.0.6400.6
7f449cfd8000-7f449d05c000 r-xp 0001c000 103:04 4858149                   /usr/lib/x86_64-linux-gnu/libglib-2.0.so.0.6400.6
7f449d05c000-7f449d0e2000 r--p 000a0000 103:04 4858149                   /usr/lib/x86_64-linux-gnu/libglib-2.0.so.0.6400.6
7f449d0e2000-7f449d0e3000 r--p 00125000 103:04 4858149                   /usr/lib/x86_64-linux-gnu/libglib-2.0.so.0.6400.6
7f449d0e3000-7f449d0e4000 rw-p 00126000 103:04 4858149                   /usr/lib/x86_64-linux-gnu/libglib-2.0.so.0.6400.6
7f449d0e4000-7f449d0e5000 rw-p 00000000 00:00 0 
7f449d0e5000-7f449d0f3000 r--p 00000000 103:04 4858177                   /usr/lib/x86_64-linux-gnu/libgobject-2.0.so.0.6400.6
7f449d0f3000-7f449d129000 r-xp 0000e000 103:04 4858177                   /usr/lib/x86_64-linux-gnu/libgobject-2.0.so.0.6400.6
7f449d129000-7f449d141000 r--p 00044000 103:04 4858177                   /usr/lib/x86_64-linux-gnu/libgobject-2.0.so.0.6400.6
7f449d141000-7f449d144000 r--p 0005b000 103:04 4858177                   /usr/lib/x86_64-linux-gnu/libgobject-2.0.so.0.6400.6
7f449d144000-7f449d145000 rw-p 0005e000 103:04 4858177                   /usr/lib/x86_64-linux-gnu/libgobject-2.0.so.0.6400.6
7f449d145000-7f449d151000 r--p 00000000 103:04 4857724                   /usr/lib/x86_64-linux-gnu/libatk-bridge-2.0.so.0.0.0
7f449d151000-7f449d16a000 r-xp 0000c000 103:04 4857724                   /usr/lib/x86_64-linux-gnu/libatk-bridge-2.0.so.0.0.0
7f449d16a000-7f449d178000 r--p 00025000 103:04 4857724                   /usr/lib/x86_64-linux-gnu/libatk-bridge-2.0.so.0.0.0
7f449d178000-7f449d179000 ---p 00033000 103:04 4857724                   /usr/lib/x86_64-linux-gnu/libatk-bridge-2.0.so.0.0.0
7f449d179000-7f449d17a000 r--p 00033000 103:04 4857724                   /usr/lib/x86_64-linux-gnu/libatk-bridge-2.0.so.0.0.0
7f449d17a000-7f449d17b000 rw-p 00034000 103:04 4857724                   /usr/lib/x86_64-linux-gnu/libatk-bridge-2.0.so.0.0.0
7f449d17b000-7f449d17c000 rw-p 00000000 00:00 0 
7f449d17c000-7f449d187000 r--p 00000000 103:04 4857722                   /usr/lib/x86_64-linux-gnu/libatk-1.0.so.0.23510.1
7f449d187000-7f449d196000 r-xp 0000b000 103:04 4857722                   /usr/lib/x86_64-linux-gnu/libatk-1.0.so.0.23510.1
7f449d196000-7f449d1a2000 r--p 0001a000 103:04 4857722                   /usr/lib/x86_64-linux-gnu/libatk-1.0.so.0.23510.1
7f449d1a2000-7f449d1a5000 r--p 00025000 103:04 4857722                   /usr/lib/x86_64-linux-gnu/libatk-1.0.so.0.23510.1
7f449d1a5000-7f449d1a6000 rw-p 00028000 103:04 4857722                   /usr/lib/x86_64-linux-gnu/libatk-1.0.so.0.23510.1
7f449d1e9000-7f449d1ee000 r--p 00000000 103:04 4851983                   /usr/lib/x86_64-linux-gnu/jni/libatk-wrapper.so
7f449d1ee000-7f449d207000 r-xp 00005000 103:04 4851983                   /usr/lib/x86_64-linux-gnu/jni/libatk-wrapper.so
7f449d207000-7f449d211000 r--p 0001e000 103:04 4851983                   /usr/lib/x86_64-linux-gnu/jni/libatk-wrapper.so
7f449d211000-7f449d212000 ---p 00028000 103:04 4851983                   /usr/lib/x86_64-linux-gnu/jni/libatk-wrapper.so
7f449d212000-7f449d213000 r--p 00028000 103:04 4851983                   /usr/lib/x86_64-linux-gnu/jni/libatk-wrapper.so
7f449d213000-7f449d214000 rw-p 00029000 103:04 4851983                   /usr/lib/x86_64-linux-gnu/jni/libatk-wrapper.so
7f449d214000-7f449d217000 ---p 00000000 00:00 0 
7f449d217000-7f449d315000 rw-p 00000000 00:00 0 
7f449d315000-7f449d318000 ---p 00000000 00:00 0 
7f449d318000-7f449d416000 rw-p 00000000 00:00 0 
7f449d416000-7f449d41b000 r--p 00000000 103:04 4858697                   /usr/lib/x86_64-linux-gnu/libpng16.so.16.37.0
7f449d41b000-7f449d440000 r-xp 00005000 103:04 4858697                   /usr/lib/x86_64-linux-gnu/libpng16.so.16.37.0
7f449d440000-7f449d44c000 r--p 0002a000 103:04 4858697                   /usr/lib/x86_64-linux-gnu/libpng16.so.16.37.0
7f449d44c000-7f449d44d000 r--p 00035000 103:04 4858697                   /usr/lib/x86_64-linux-gnu/libpng16.so.16.37.0
7f449d44d000-7f449d44e000 rw-p 00036000 103:04 4858697                   /usr/lib/x86_64-linux-gnu/libpng16.so.16.37.0
7f449d44e000-7f449d45a000 r--p 00000000 103:04 4858070                   /usr/lib/x86_64-linux-gnu/libfreetype.so.6.17.1
7f449d45a000-7f449d4da000 r-xp 0000c000 103:04 4858070                   /usr/lib/x86_64-linux-gnu/libfreetype.so.6.17.1
7f449d4da000-7f449d504000 r--p 0008c000 103:04 4858070                   /usr/lib/x86_64-linux-gnu/libfreetype.so.6.17.1
7f449d504000-7f449d505000 ---p 000b6000 103:04 4858070                   /usr/lib/x86_64-linux-gnu/libfreetype.so.6.17.1
7f449d505000-7f449d50c000 r--p 000b6000 103:04 4858070                   /usr/lib/x86_64-linux-gnu/libfreetype.so.6.17.1
7f449d50c000-7f449d50d000 rw-p 000bd000 103:04 4858070                   /usr/lib/x86_64-linux-gnu/libfreetype.so.6.17.1
7f449d517000-7f449d51a000 ---p 00000000 00:00 0 
7f449d51a000-7f449d550000 rw-p 00000000 00:00 0 
7f449d550000-7f449d557000 r--p 00000000 103:04 6170344                   /usr/lib/jvm/java-8-openjdk-amd64/jre/lib/amd64/libfontmanager.so
7f449d557000-7f449d586000 r-xp 00007000 103:04 6170344                   /usr/lib/jvm/java-8-openjdk-amd64/jre/lib/amd64/libfontmanager.so
7f449d586000-7f449d5a2000 r--p 00036000 103:04 6170344                   /usr/lib/jvm/java-8-openjdk-amd64/jre/lib/amd64/libfontmanager.so
7f449d5a2000-7f449d5a3000 ---p 00052000 103:04 6170344                   /usr/lib/jvm/java-8-openjdk-amd64/jre/lib/amd64/libfontmanager.so
7f449d5a3000-7f449d5a5000 r--p 00052000 103:04 6170344                   /usr/lib/jvm/java-8-openjdk-amd64/jre/lib/amd64/libfontmanager.so
7f449d5a5000-7f449d5a6000 rw-p 00054000 103:04 6170344                   /usr/lib/jvm/java-8-openjdk-amd64/jre/lib/amd64/libfontmanager.so
7f449d5a6000-7f449d5aa000 r--p 00000000 103:04 4857797                   /usr/lib/x86_64-linux-gnu/libbsd.so.0.10.0
7f449d5aa000-7f449d5b9000 r-xp 00004000 103:04 4857797                   /usr/lib/x86_64-linux-gnu/libbsd.so.0.10.0
7f449d5b9000-7f449d5bc000 r--p 00013000 103:04 4857797                   /usr/lib/x86_64-linux-gnu/libbsd.so.0.10.0
7f449d5bc000-7f449d5bd000 ---p 00016000 103:04 4857797                   /usr/lib/x86_64-linux-gnu/libbsd.so.0.10.0
7f449d5bd000-7f449d5be000 r--p 00016000 103:04 4857797                   /usr/lib/x86_64-linux-gnu/libbsd.so.0.10.0
7f449d5be000-7f449d5bf000 rw-p 00017000 103:04 4857797                   /usr/lib/x86_64-linux-gnu/libbsd.so.0.10.0
7f449d5bf000-7f449d5c0000 rw-p 00000000 00:00 0 
7f449d5c0000-7f449d5c2000 r--p 00000000 103:04 4857641                   /usr/lib/x86_64-linux-gnu/libXdmcp.so.6.0.0
7f449d5c2000-7f449d5c4000 r-xp 00002000 103:04 4857641                   /usr/lib/x86_64-linux-gnu/libXdmcp.so.6.0.0
7f449d5c4000-7f449d5c6000 r--p 00004000 103:04 4857641                   /usr/lib/x86_64-linux-gnu/libXdmcp.so.6.0.0
7f449d5c6000-7f449d5c7000 r--p 00005000 103:04 4857641                   /usr/lib/x86_64-linux-gnu/libXdmcp.so.6.0.0
7f449d5c7000-7f449d5c8000 rw-p 00006000 103:04 4857641                   /usr/lib/x86_64-linux-gnu/libXdmcp.so.6.0.0
7f449d5c8000-7f449d5c9000 r--p 00000000 103:04 4857630                   /usr/lib/x86_64-linux-gnu/libXau.so.6.0.0
7f449d5c9000-7f449d5cb000 r-xp 00001000 103:04 4857630                   /usr/lib/x86_64-linux-gnu/libXau.so.6.0.0
7f449d5cb000-7f449d5cc000 r--p 00003000 103:04 4857630                   /usr/lib/x86_64-linux-gnu/libXau.so.6.0.0
7f449d5cc000-7f449d5cd000 r--p 00003000 103:04 4857630                   /usr/lib/x86_64-linux-gnu/libXau.so.6.0.0
7f449d5cd000-7f449d5ce000 rw-p 00004000 103:04 4857630                   /usr/lib/x86_64-linux-gnu/libXau.so.6.0.0
7f449d5ce000-7f449d5d9000 r--p 00000000 103:04 4859114                   /usr/lib/x86_64-linux-gnu/libxcb.so.1.1.0
7f449d5d9000-7f449d5ed000 r-xp 0000b000 103:04 4859114                   /usr/lib/x86_64-linux-gnu/libxcb.so.1.1.0
7f449d5ed000-7f449d5f6000 r--p 0001f000 103:04 4859114                   /usr/lib/x86_64-linux-gnu/libxcb.so.1.1.0
7f449d5f6000-7f449d5f7000 r--p 00027000 103:04 4859114                   /usr/lib/x86_64-linux-gnu/libxcb.so.1.1.0
7f449d5f7000-7f449d5f8000 rw-p 00028000 103:04 4859114                   /usr/lib/x86_64-linux-gnu/libxcb.so.1.1.0
7f449d5f8000-7f449d5fa000 r--p 00000000 103:04 4857651                   /usr/lib/x86_64-linux-gnu/libXi.so.6.1.0
7f449d5fa000-7f449d605000 r-xp 00002000 103:04 4857651                   /usr/lib/x86_64-linux-gnu/libXi.so.6.1.0
7f449d605000-7f449d608000 r--p 0000d000 103:04 4857651                   /usr/lib/x86_64-linux-gnu/libXi.so.6.1.0
7f449d608000-7f449d609000 r--p 0000f000 103:04 4857651                   /usr/lib/x86_64-linux-gnu/libXi.so.6.1.0
7f449d609000-7f449d60a000 rw-p 00010000 103:04 4857651                   /usr/lib/x86_64-linux-gnu/libXi.so.6.1.0
7f449d60a000-7f449d60f000 r-xp 00000000 103:04 4857669                   /usr/lib/x86_64-linux-gnu/libXtst.so.6.1.0
7f449d60f000-7f449d80e000 ---p 00005000 103:04 4857669                   /usr/lib/x86_64-linux-gnu/libXtst.so.6.1.0
7f449d80e000-7f449d80f000 r--p 00004000 103:04 4857669                   /usr/lib/x86_64-linux-gnu/libXtst.so.6.1.0
7f449d80f000-7f449d810000 rw-p 00005000 103:04 4857669                   /usr/lib/x86_64-linux-gnu/libXtst.so.6.1.0
7f449d810000-7f449d819000 r-xp 00000000 103:04 4857663                   /usr/lib/x86_64-linux-gnu/libXrender.so.1.3.0
7f449d819000-7f449da18000 ---p 00009000 103:04 4857663                   /usr/lib/x86_64-linux-gnu/libXrender.so.1.3.0
7f449da18000-7f449da19000 r--p 00008000 103:04 4857663                   /usr/lib/x86_64-linux-gnu/libXrender.so.1.3.0
7f449da19000-7f449da1a000 rw-p 00009000 103:04 4857663                   /usr/lib/x86_64-linux-gnu/libXrender.so.1.3.0
7f449da1a000-7f449da32000 r--p 00000000 103:04 4857626                   /usr/lib/x86_64-linux-gnu/libX11.so.6.3.0
7f449da32000-7f449dabd000 r-xp 00018000 103:04 4857626                   /usr/lib/x86_64-linux-gnu/libX11.so.6.3.0
7f449dabd000-7f449db51000 r--p 000a3000 103:04 4857626                   /usr/lib/x86_64-linux-gnu/libX11.so.6.3.0
7f449db51000-7f449db52000 ---p 00137000 103:04 4857626                   /usr/lib/x86_64-linux-gnu/libX11.so.6.3.0
7f449db52000-7f449db53000 r--p 00137000 103:04 4857626                   /usr/lib/x86_64-linux-gnu/libX11.so.6.3.0
7f449db53000-7f449db57000 rw-p 00138000 103:04 4857626                   /usr/lib/x86_64-linux-gnu/libX11.so.6.3.0
7f449db57000-7f449db5b000 r--p 00000000 103:04 4857643                   /usr/lib/x86_64-linux-gnu/libXext.so.6.4.0
7f449db5b000-7f449db66000 r-xp 00004000 103:04 4857643                   /usr/lib/x86_64-linux-gnu/libXext.so.6.4.0
7f449db66000-7f449db6a000 r--p 0000f000 103:04 4857643                   /usr/lib/x86_64-linux-gnu/libXext.so.6.4.0
7f449db6a000-7f449db6b000 r--p 00012000 103:04 4857643                   /usr/lib/x86_64-linux-gnu/libXext.so.6.4.0
7f449db6b000-7f449db6c000 rw-p 00013000 103:04 4857643                   /usr/lib/x86_64-linux-gnu/libXext.so.6.4.0
7f449db70000-7f449db74000 r--p 00000000 103:04 6170360                   /usr/lib/jvm/java-8-openjdk-amd64/jre/lib/amd64/libmanagement.so
7f449db74000-7f449db78000 r-xp 00004000 103:04 6170360                   /usr/lib/jvm/java-8-openjdk-amd64/jre/lib/amd64/libmanagement.so
7f449db78000-7f449db7a000 r--p 00008000 103:04 6170360                   /usr/lib/jvm/java-8-openjdk-amd64/jre/lib/amd64/libmanagement.so
7f449db7a000-7f449db7b000 r--p 00009000 103:04 6170360                   /usr/lib/jvm/java-8-openjdk-amd64/jre/lib/amd64/libmanagement.so
7f449db7b000-7f449db7c000 rw-p 0000a000 103:04 6170360                   /usr/lib/jvm/java-8-openjdk-amd64/jre/lib/amd64/libmanagement.so
7f449db7c000-7f449db7e000 r--p 00000000 103:04 4858037                   /usr/lib/x86_64-linux-gnu/libffi.so.7.1.0
7f449db7e000-7f449db84000 r-xp 00002000 103:04 4858037                   /usr/lib/x86_64-linux-gnu/libffi.so.7.1.0
7f449db84000-7f449db85000 r--p 00008000 103:04 4858037                   /usr/lib/x86_64-linux-gnu/libffi.so.7.1.0
7f449db85000-7f449db86000 ---p 00009000 103:04 4858037                   /usr/lib/x86_64-linux-gnu/libffi.so.7.1.0
7f449db86000-7f449db87000 r--p 00009000 103:04 4858037                   /usr/lib/x86_64-linux-gnu/libffi.so.7.1.0
7f449db87000-7f449db88000 rw-p 0000a000 103:04 4858037                   /usr/lib/x86_64-linux-gnu/libffi.so.7.1.0
7f449db88000-7f449db8a000 r--p 00000000 103:04 4857645                   /usr/lib/x86_64-linux-gnu/libXfixes.so.3.1.0
7f449db8a000-7f449db8d000 r-xp 00002000 103:04 4857645                   /usr/lib/x86_64-linux-gnu/libXfixes.so.3.1.0
7f449db8d000-7f449db8e000 r--p 00005000 103:04 4857645                   /usr/lib/x86_64-linux-gnu/libXfixes.so.3.1.0
7f449db8e000-7f449db8f000 r--p 00005000 103:04 4857645                   /usr/lib/x86_64-linux-gnu/libXfixes.so.3.1.0
7f449db8f000-7f449db90000 rw-p 00006000 103:04 4857645                   /usr/lib/x86_64-linux-gnu/libXfixes.so.3.1.0
7f449db90000-7f449db93000 r--p 00000000 103:04 4857637                   /usr/lib/x86_64-linux-gnu/libXcursor.so.1.0.2
7f449db93000-7f449db99000 r-xp 00003000 103:04 4857637                   /usr/lib/x86_64-linux-gnu/libXcursor.so.1.0.2
7f449db99000-7f449db9b000 r--p 00009000 103:04 4857637                   /usr/lib/x86_64-linux-gnu/libXcursor.so.1.0.2
7f449db9b000-7f449db9c000 r--p 0000a000 103:04 4857637                   /usr/lib/x86_64-linux-gnu/libXcursor.so.1.0.2
7f449db9c000-7f449db9d000 rw-p 0000b000 103:04 4857637                   /usr/lib/x86_64-linux-gnu/libXcursor.so.1.0.2
7f449db9d000-7f449dbaf000 r--s 0034c000 103:04 6170416                   /usr/lib/jvm/java-8-openjdk-amd64/jre/lib/resources.jar
7f449dbaf000-7f449dbbf000 r--p 00000000 103:04 6170342                   /usr/lib/jvm/java-8-openjdk-amd64/jre/lib/amd64/libawt_xawt.so
7f449dbbf000-7f449dbfc000 r-xp 00010000 103:04 6170342                   /usr/lib/jvm/java-8-openjdk-amd64/jre/lib/amd64/libawt_xawt.so
7f449dbfc000-7f449dc0d000 r--p 0004d000 103:04 6170342                   /usr/lib/jvm/java-8-openjdk-amd64/jre/lib/amd64/libawt_xawt.so
7f449dc0d000-7f449dc0e000 r--p 0005d000 103:04 6170342                   /usr/lib/jvm/java-8-openjdk-amd64/jre/lib/amd64/libawt_xawt.so
7f449dc0e000-7f449dc11000 rw-p 0005e000 103:04 6170342                   /usr/lib/jvm/java-8-openjdk-amd64/jre/lib/amd64/libawt_xawt.so
7f449dc11000-7f449dc13000 rw-p 00000000 00:00 0 
7f449dc13000-7f449dc40000 r--p 00000000 103:04 6170340                   /usr/lib/jvm/java-8-openjdk-amd64/jre/lib/amd64/libawt.so
7f449dc40000-7f449dcaa000 r-xp 0002d000 103:04 6170340                   /usr/lib/jvm/java-8-openjdk-amd64/jre/lib/amd64/libawt.so
7f449dcaa000-7f449dcb6000 r--p 00097000 103:04 6170340                   /usr/lib/jvm/java-8-openjdk-amd64/jre/lib/amd64/libawt.so
7f449dcb6000-7f449dcb7000 ---p 000a3000 103:04 6170340                   /usr/lib/jvm/java-8-openjdk-amd64/jre/lib/amd64/libawt.so
7f449dcb7000-7f449dcb8000 r--p 000a3000 103:04 6170340                   /usr/lib/jvm/java-8-openjdk-amd64/jre/lib/amd64/libawt.so
7f449dcb8000-7f449dcc3000 rw-p 000a4000 103:04 6170340                   /usr/lib/jvm/java-8-openjdk-amd64/jre/lib/amd64/libawt.so
7f449dcc3000-7f449dce8000 rw-p 00000000 00:00 0 
7f449dce8000-7f449dcea000 r--s 00009000 103:04 6163525                   /home/hiari/myIssLab/unibolibs/it.unibo.comm2022-2.0.jar
7f449dcea000-7f449dcec000 r--s 00004000 103:04 6170992                   /home/hiari/myIssLab/unibolibs/it.unibo.radarSystem22.domain-1.0.jar
7f449dcec000-7f449dd41000 r--s 00548000 103:04 1972539                   /home/hiari/.gradle/caches/modules-2/files-2.1/com.google.android/android/2.3.3/949a2bef1ffe62e81af5d8919d17dfcc1309c43c/android-2.3.3.jar
7f449dd41000-7f449dd72000 rw-p 00000000 00:00 0 
7f449dd72000-7f449dd73000 ---p 00000000 00:00 0 
7f449dd73000-7f449de73000 rw-p 00000000 00:00 0 
7f449de73000-7f449de76000 ---p 00000000 00:00 0 
7f449de76000-7f449df74000 rw-p 00000000 00:00 0 
7f449df74000-7f449df75000 ---p 00000000 00:00 0 
7f449df75000-7f449df78000 ---p 00000000 00:00 0 
7f449df78000-7f449e075000 rw-p 00000000 00:00 0 
7f449e075000-7f449e076000 ---p 00000000 00:00 0 
7f449e076000-7f449e079000 ---p 00000000 00:00 0 
7f449e079000-7f449e176000 rw-p 00000000 00:00 0 
7f449e176000-7f449e177000 ---p 00000000 00:00 0 
7f449e177000-7f449e17a000 ---p 00000000 00:00 0 
7f449e17a000-7f449e277000 rw-p 00000000 00:00 0 
7f449e277000-7f449e278000 ---p 00000000 00:00 0 
7f449e278000-7f449e27b000 ---p 00000000 00:00 0 
7f449e27b000-7f449e378000 rw-p 00000000 00:00 0 
7f449e378000-7f449e379000 ---p 00000000 00:00 0 
7f449e379000-7f449e37c000 ---p 00000000 00:00 0 
7f449e37c000-7f449e479000 rw-p 00000000 00:00 0 
7f449e479000-7f449e47a000 ---p 00000000 00:00 0 
7f449e47a000-7f449e47d000 ---p 00000000 00:00 0 
7f449e47d000-7f449e57a000 rw-p 00000000 00:00 0 
7f449e57a000-7f449e57b000 ---p 00000000 00:00 0 
7f449e57b000-7f449e57e000 ---p 00000000 00:00 0 
7f449e57e000-7f449e67b000 rw-p 00000000 00:00 0 
7f449e67b000-7f449e67c000 ---p 00000000 00:00 0 
7f449e67c000-7f449e67f000 ---p 00000000 00:00 0 
7f449e67f000-7f449e77c000 rw-p 00000000 00:00 0 
7f449e77c000-7f449e77d000 ---p 00000000 00:00 0 
7f449e77d000-7f449e780000 ---p 00000000 00:00 0 
7f449e780000-7f449e87d000 rw-p 00000000 00:00 0 
7f449e87d000-7f449e87e000 ---p 00000000 00:00 0 
7f449e87e000-7f449e881000 ---p 00000000 00:00 0 
7f449e881000-7f449e97e000 rw-p 00000000 00:00 0 
7f449e97e000-7f449e97f000 ---p 00000000 00:00 0 
7f449e97f000-7f449e982000 ---p 00000000 00:00 0 
7f449e982000-7f449ea7f000 rw-p 00000000 00:00 0 
7f449ea7f000-7f449ea80000 ---p 00000000 00:00 0 
7f449ea80000-7f449ea83000 ---p 00000000 00:00 0 
7f449ea83000-7f449eb80000 rw-p 00000000 00:00 0 
7f449eb80000-7f449eb83000 ---p 00000000 00:00 0 
7f449eb83000-7f449ec81000 rw-p 00000000 00:00 0 
7f449ec81000-7f449f1f2000 r--p 00000000 103:04 4851981                   /usr/lib/locale/locale-archive
7f449f1f2000-7f449f1f5000 ---p 00000000 00:00 0 
7f449f1f5000-7f449f2f3000 rw-p 00000000 00:00 0 
7f449f2f3000-7f449f2f6000 ---p 00000000 00:00 0 
7f449f2f6000-7f449f3f4000 rw-p 00000000 00:00 0 
7f449f3f4000-7f449f3f5000 ---p 00000000 00:00 0 
7f449f3f5000-7f44a0000000 rw-p 00000000 00:00 0 
7f44a0000000-7f44a0021000 rw-p 00000000 00:00 0 
7f44a0021000-7f44a4000000 ---p 00000000 00:00 0 
7f44a4000000-7f44a4021000 rw-p 00000000 00:00 0 
7f44a4021000-7f44a8000000 ---p 00000000 00:00 0 
7f44a8000000-7f44a8021000 rw-p 00000000 00:00 0 
7f44a8021000-7f44ac000000 ---p 00000000 00:00 0 
7f44ac000000-7f44ac021000 rw-p 00000000 00:00 0 
7f44ac021000-7f44b0000000 ---p 00000000 00:00 0 
7f44b0000000-7f44b0021000 rw-p 00000000 00:00 0 
7f44b0021000-7f44b4000000 ---p 00000000 00:00 0 
7f44b4001000-7f44b4003000 r--s 0000c000 103:04 1966137                   /home/hiari/.gradle/caches/modules-2/files-2.1/org.json/json/20160810/aca5eb39e2a12fddd6c472b240afe9ebea3a6733/json-20160810.jar
7f44b4003000-7f44b4007000 r--s 00017000 103:04 1972537                   /home/hiari/.gradle/caches/modules-2/files-2.1/org.pushingpixels/trident/1.3/a90e1fe1a5f47288e5820666179397dd10ca021/trident-1.3.jar
7f44b4007000-7f44b400c000 r--p 00000000 103:04 6170362                   /usr/lib/jvm/java-8-openjdk-amd64/jre/lib/amd64/libnet.so
7f44b400c000-7f44b401d000 r-xp 00005000 103:04 6170362                   /usr/lib/jvm/java-8-openjdk-amd64/jre/lib/amd64/libnet.so
7f44b401d000-7f44b4021000 r--p 00016000 103:04 6170362                   /usr/lib/jvm/java-8-openjdk-amd64/jre/lib/amd64/libnet.so
7f44b4021000-7f44b4022000 r--p 00019000 103:04 6170362                   /usr/lib/jvm/java-8-openjdk-amd64/jre/lib/amd64/libnet.so
7f44b4022000-7f44b4023000 rw-p 0001a000 103:04 6170362                   /usr/lib/jvm/java-8-openjdk-amd64/jre/lib/amd64/libnet.so
7f44b4023000-7f44b402a000 r--p 00000000 103:04 6170363                   /usr/lib/jvm/java-8-openjdk-amd64/jre/lib/amd64/libnio.so
7f44b402a000-7f44b4033000 r-xp 00007000 103:04 6170363                   /usr/lib/jvm/java-8-openjdk-amd64/jre/lib/amd64/libnio.so
7f44b4033000-7f44b4036000 r--p 00010000 103:04 6170363                   /usr/lib/jvm/java-8-openjdk-amd64/jre/lib/amd64/libnio.so
7f44b4036000-7f44b4037000 r--p 00012000 103:04 6170363                   /usr/lib/jvm/java-8-openjdk-amd64/jre/lib/amd64/libnio.so
7f44b4037000-7f44b4038000 rw-p 00013000 103:04 6170363                   /usr/lib/jvm/java-8-openjdk-amd64/jre/lib/amd64/libnio.so
7f44b4038000-7f44b4053000 r--s 00394000 103:04 6170384                   /usr/lib/jvm/java-8-openjdk-amd64/jre/lib/ext/cldrdata.jar
7f44b4053000-7f44b4055000 r--s 0000c000 103:04 5509334                   /usr/share/java/java-atk-wrapper.jar
7f44b4055000-7f44b4059000 r--s 00041000 103:04 6170392                   /usr/lib/jvm/java-8-openjdk-amd64/jre/lib/ext/sunpkcs11.jar
7f44b4059000-7f44b405b000 r--s 00010000 103:04 6170393                   /usr/lib/jvm/java-8-openjdk-amd64/jre/lib/ext/zipfs.jar
7f44b405b000-7f44b4076000 r--s 001d6000 103:04 6170389                   /usr/lib/jvm/java-8-openjdk-amd64/jre/lib/ext/nashorn.jar
7f44b4076000-7f44b4079000 r--s 0000f000 103:04 6170386                   /usr/lib/jvm/java-8-openjdk-amd64/jre/lib/ext/icedtea-sound.jar
7f44b4079000-7f44b407b000 r--s 00008000 103:04 6170390                   /usr/lib/jvm/java-8-openjdk-amd64/jre/lib/ext/sunec.jar
7f44b407b000-7f44b4081000 r--s 0003d000 103:04 6170391                   /usr/lib/jvm/java-8-openjdk-amd64/jre/lib/ext/sunjce_provider.jar
7f44b4081000-7f44b4083000 r--s 00001000 103:04 6170385                   /usr/lib/jvm/java-8-openjdk-amd64/jre/lib/ext/dnsns.jar
7f44b4083000-7f44b408e000 r--s 00116000 103:04 6170388                   /usr/lib/jvm/java-8-openjdk-amd64/jre/lib/ext/localedata.jar
7f44b408e000-7f44b61c9000 rw-p 00000000 00:00 0 
7f44b61c9000-7f44b639b000 r--s 03cab000 103:04 6170417                   /usr/lib/jvm/java-8-openjdk-amd64/jre/lib/rt.jar
7f44b639b000-7f44b6bec000 rw-p 00000000 00:00 0 
7f44b6bec000-7f44b6c6c000 ---p 00000000 00:00 0 
7f44b6c6c000-7f44b7467000 rw-p 00000000 00:00 0 
7f44b7467000-7f44b7468000 ---p 00000000 00:00 0 
7f44b7468000-7f44b7568000 rw-p 00000000 00:00 0 
7f44b7568000-7f44b7569000 ---p 00000000 00:00 0 
7f44b7569000-7f44b7669000 rw-p 00000000 00:00 0 
7f44b7669000-7f44b766a000 ---p 00000000 00:00 0 
7f44b766a000-7f44b776a000 rw-p 00000000 00:00 0 
7f44b776a000-7f44b776b000 ---p 00000000 00:00 0 
7f44b776b000-7f44b786b000 rw-p 00000000 00:00 0 
7f44b786b000-7f44b786c000 ---p 00000000 00:00 0 
7f44b786c000-7f44b796c000 rw-p 00000000 00:00 0 
7f44b796c000-7f44b796d000 ---p 00000000 00:00 0 
7f44b796d000-7f44b7a6d000 rw-p 00000000 00:00 0 
7f44b7a6d000-7f44b7a6e000 ---p 00000000 00:00 0 
7f44b7a6e000-7f44b7b6e000 rw-p 00000000 00:00 0 
7f44b7b6e000-7f44b7b6f000 ---p 00000000 00:00 0 
7f44b7b6f000-7f44b7c6f000 rw-p 00000000 00:00 0 
7f44b7c6f000-7f44b7c70000 ---p 00000000 00:00 0 
7f44b7c70000-7f44b7d70000 rw-p 00000000 00:00 0 
7f44b7d70000-7f44b7d71000 ---p 00000000 00:00 0 
7f44b7d71000-7f44b7e71000 rw-p 00000000 00:00 0 
7f44b7e71000-7f44b7e72000 ---p 00000000 00:00 0 
7f44b7e72000-7f44b7fc4000 rw-p 00000000 00:00 0 
7f44b7fc4000-7f44b8491000 ---p 00000000 00:00 0 
7f44b8491000-7f44b84e3000 rw-p 00000000 00:00 0 
7f44b84e3000-7f44b89af000 ---p 00000000 00:00 0 
7f44b89af000-7f44b89d9000 rw-p 00000000 00:00 0 
7f44b89d9000-7f44b8c3f000 ---p 00000000 00:00 0 
7f44b8c3f000-7f44b8c4f000 rw-p 00000000 00:00 0 
7f44b8c4f000-7f44b9000000 ---p 00000000 00:00 0 
7f44b9000000-7f44b93a0000 rwxp 00000000 00:00 0 
7f44b93a0000-7f44c8000000 ---p 00000000 00:00 0 
7f44c8000000-7f44c8341000 rw-p 00000000 00:00 0 
7f44c8341000-7f44cc000000 ---p 00000000 00:00 0 
7f44cc000000-7f44cc001000 ---p 00000000 00:00 0 
7f44cc001000-7f44cc101000 rw-p 00000000 00:00 0 
7f44cc101000-7f44cc102000 ---p 00000000 00:00 0 
7f44cc102000-7f44cc202000 rw-p 00000000 00:00 0 
7f44cc202000-7f44cc205000 r--p 00000000 103:04 4851854                   /usr/lib/x86_64-linux-gnu/libnss_files-2.31.so
7f44cc205000-7f44cc20c000 r-xp 00003000 103:04 4851854                   /usr/lib/x86_64-linux-gnu/libnss_files-2.31.so
7f44cc20c000-7f44cc20e000 r--p 0000a000 103:04 4851854                   /usr/lib/x86_64-linux-gnu/libnss_files-2.31.so
7f44cc20e000-7f44cc20f000 r--p 0000b000 103:04 4851854                   /usr/lib/x86_64-linux-gnu/libnss_files-2.31.so
7f44cc20f000-7f44cc210000 rw-p 0000c000 103:04 4851854                   /usr/lib/x86_64-linux-gnu/libnss_files-2.31.so
7f44cc210000-7f44cc216000 rw-p 00000000 00:00 0 
7f44cc216000-7f44cc217000 r--s 0000a000 103:04 6170387                   /usr/lib/jvm/java-8-openjdk-amd64/jre/lib/ext/jaccess.jar
7f44cc217000-7f44cc21d000 r--s 000d3000 103:04 6170410                   /usr/lib/jvm/java-8-openjdk-amd64/jre/lib/jfr.jar
7f44cc21d000-7f44cc245000 rw-p 00000000 00:00 0 
7f44cc245000-7f44cc248000 r--p 00000000 103:04 6170370                   /usr/lib/jvm/java-8-openjdk-amd64/jre/lib/amd64/libzip.so
7f44cc248000-7f44cc24d000 r-xp 00003000 103:04 6170370                   /usr/lib/jvm/java-8-openjdk-amd64/jre/lib/amd64/libzip.so
7f44cc24d000-7f44cc24f000 r--p 00008000 103:04 6170370                   /usr/lib/jvm/java-8-openjdk-amd64/jre/lib/amd64/libzip.so
7f44cc24f000-7f44cc250000 r--p 00009000 103:04 6170370                   /usr/lib/jvm/java-8-openjdk-amd64/jre/lib/amd64/libzip.so
7f44cc250000-7f44cc251000 rw-p 0000a000 103:04 6170370                   /usr/lib/jvm/java-8-openjdk-amd64/jre/lib/amd64/libzip.so
7f44cc251000-7f44cc259000 rw-s 00000000 103:04 3022857                   /tmp/hsperfdata_hiari/12993
7f44cc259000-7f44cc25b000 r--p 00000000 103:04 4851861                   /usr/lib/x86_64-linux-gnu/librt-2.31.so
7f44cc25b000-7f44cc25f000 r-xp 00002000 103:04 4851861                   /usr/lib/x86_64-linux-gnu/librt-2.31.so
7f44cc25f000-7f44cc261000 r--p 00006000 103:04 4851861                   /usr/lib/x86_64-linux-gnu/librt-2.31.so
7f44cc261000-7f44cc262000 r--p 00007000 103:04 4851861                   /usr/lib/x86_64-linux-gnu/librt-2.31.so
7f44cc262000-7f44cc263000 rw-p 00008000 103:04 4851861                   /usr/lib/x86_64-linux-gnu/librt-2.31.so
7f44cc263000-7f44cc264000 ---p 00000000 00:00 0 
7f44cc264000-7f44cc267000 ---p 00000000 00:00 0 
7f44cc267000-7f44cc364000 rw-p 00000000 00:00 0 
7f44cc364000-7f44cc367000 r--p 00000000 103:04 4858094                   /usr/lib/x86_64-linux-gnu/libgcc_s.so.1
7f44cc367000-7f44cc379000 r-xp 00003000 103:04 4858094                   /usr/lib/x86_64-linux-gnu/libgcc_s.so.1
7f44cc379000-7f44cc37d000 r--p 00015000 103:04 4858094                   /usr/lib/x86_64-linux-gnu/libgcc_s.so.1
7f44cc37d000-7f44cc37e000 r--p 00018000 103:04 4858094                   /usr/lib/x86_64-linux-gnu/libgcc_s.so.1
7f44cc37e000-7f44cc37f000 rw-p 00019000 103:04 4858094                   /usr/lib/x86_64-linux-gnu/libgcc_s.so.1
7f44cc37f000-7f44cc38c000 r--p 00000000 103:04 4851848                   /usr/lib/x86_64-linux-gnu/libm-2.31.so
7f44cc38c000-7f44cc433000 r-xp 0000d000 103:04 4851848                   /usr/lib/x86_64-linux-gnu/libm-2.31.so
7f44cc433000-7f44cc4cc000 r--p 000b4000 103:04 4851848                   /usr/lib/x86_64-linux-gnu/libm-2.31.so
7f44cc4cc000-7f44cc4cd000 r--p 0014c000 103:04 4851848                   /usr/lib/x86_64-linux-gnu/libm-2.31.so
7f44cc4cd000-7f44cc4ce000 rw-p 0014d000 103:04 4851848                   /usr/lib/x86_64-linux-gnu/libm-2.31.so
7f44cc4ce000-7f44cc564000 r--p 00000000 103:04 4858883                   /usr/lib/x86_64-linux-gnu/libstdc++.so.6.0.28
7f44cc564000-7f44cc655000 r-xp 00096000 103:04 4858883                   /usr/lib/x86_64-linux-gnu/libstdc++.so.6.0.28
7f44cc655000-7f44cc69e000 r--p 00187000 103:04 4858883                   /usr/lib/x86_64-linux-gnu/libstdc++.so.6.0.28
7f44cc69e000-7f44cc69f000 ---p 001d0000 103:04 4858883                   /usr/lib/x86_64-linux-gnu/libstdc++.so.6.0.28
7f44cc69f000-7f44cc6aa000 r--p 001d0000 103:04 4858883                   /usr/lib/x86_64-linux-gnu/libstdc++.so.6.0.28
7f44cc6aa000-7f44cc6ad000 rw-p 001db000 103:04 4858883                   /usr/lib/x86_64-linux-gnu/libstdc++.so.6.0.28
7f44cc6ad000-7f44cc6b0000 rw-p 00000000 00:00 0 
7f44cc6b0000-7f44cc8a5000 r--p 00000000 103:04 6170373                   /usr/lib/jvm/java-8-openjdk-amd64/jre/lib/amd64/server/libjvm.so
7f44cc8a5000-7f44cd20e000 r-xp 001f5000 103:04 6170373                   /usr/lib/jvm/java-8-openjdk-amd64/jre/lib/amd64/server/libjvm.so
7f44cd20e000-7f44cd3c0000 r--p 00b5e000 103:04 6170373                   /usr/lib/jvm/java-8-openjdk-amd64/jre/lib/amd64/server/libjvm.so
7f44cd3c0000-7f44cd456000 r--p 00d0f000 103:04 6170373                   /usr/lib/jvm/java-8-openjdk-amd64/jre/lib/amd64/server/libjvm.so
7f44cd456000-7f44cd47f000 rw-p 00da5000 103:04 6170373                   /usr/lib/jvm/java-8-openjdk-amd64/jre/lib/amd64/server/libjvm.so
7f44cd47f000-7f44cd4b4000 rw-p 00000000 00:00 0 
7f44cd4b4000-7f44cd4ba000 r--p 00000000 103:04 4851859                   /usr/lib/x86_64-linux-gnu/libpthread-2.31.so
7f44cd4ba000-7f44cd4cb000 r-xp 00006000 103:04 4851859                   /usr/lib/x86_64-linux-gnu/libpthread-2.31.so
7f44cd4cb000-7f44cd4d1000 r--p 00017000 103:04 4851859                   /usr/lib/x86_64-linux-gnu/libpthread-2.31.so
7f44cd4d1000-7f44cd4d2000 r--p 0001c000 103:04 4851859                   /usr/lib/x86_64-linux-gnu/libpthread-2.31.so
7f44cd4d2000-7f44cd4d3000 rw-p 0001d000 103:04 4851859                   /usr/lib/x86_64-linux-gnu/libpthread-2.31.so
7f44cd4d3000-7f44cd4d7000 rw-p 00000000 00:00 0 
7f44cd4d7000-7f44cd4d8000 r--p 00000000 103:04 4851847                   /usr/lib/x86_64-linux-gnu/libdl-2.31.so
7f44cd4d8000-7f44cd4da000 r-xp 00001000 103:04 4851847                   /usr/lib/x86_64-linux-gnu/libdl-2.31.so
7f44cd4da000-7f44cd4db000 r--p 00003000 103:04 4851847                   /usr/lib/x86_64-linux-gnu/libdl-2.31.so
7f44cd4db000-7f44cd4dc000 r--p 00003000 103:04 4851847                   /usr/lib/x86_64-linux-gnu/libdl-2.31.so
7f44cd4dc000-7f44cd4dd000 rw-p 00004000 103:04 4851847                   /usr/lib/x86_64-linux-gnu/libdl-2.31.so
7f44cd4dd000-7f44cd4df000 r--p 00000000 103:04 4859144                   /usr/lib/x86_64-linux-gnu/libz.so.1.2.11
7f44cd4df000-7f44cd4f0000 r-xp 00002000 103:04 4859144                   /usr/lib/x86_64-linux-gnu/libz.so.1.2.11
7f44cd4f0000-7f44cd4f6000 r--p 00013000 103:04 4859144                   /usr/lib/x86_64-linux-gnu/libz.so.1.2.11
7f44cd4f6000-7f44cd4f7000 ---p 00019000 103:04 4859144                   /usr/lib/x86_64-linux-gnu/libz.so.1.2.11
7f44cd4f7000-7f44cd4f8000 r--p 00019000 103:04 4859144                   /usr/lib/x86_64-linux-gnu/libz.so.1.2.11
7f44cd4f8000-7f44cd4f9000 rw-p 0001a000 103:04 4859144                   /usr/lib/x86_64-linux-gnu/libz.so.1.2.11
7f44cd4f9000-7f44cd51b000 r--p 00000000 103:04 4851846                   /usr/lib/x86_64-linux-gnu/libc-2.31.so
7f44cd51b000-7f44cd693000 r-xp 00022000 103:04 4851846                   /usr/lib/x86_64-linux-gnu/libc-2.31.so
7f44cd693000-7f44cd6e1000 r--p 0019a000 103:04 4851846                   /usr/lib/x86_64-linux-gnu/libc-2.31.so
7f44cd6e1000-7f44cd6e5000 r--p 001e7000 103:04 4851846                   /usr/lib/x86_64-linux-gnu/libc-2.31.so
7f44cd6e5000-7f44cd6e7000 rw-p 001eb000 103:04 4851846                   /usr/lib/x86_64-linux-gnu/libc-2.31.so
7f44cd6e7000-7f44cd6ec000 rw-p 00000000 00:00 0 
7f44cd6ec000-7f44cd6f9000 r--p 00000000 103:04 6170351                   /usr/lib/jvm/java-8-openjdk-amd64/jre/lib/amd64/libjava.so
7f44cd6f9000-7f44cd711000 r-xp 0000d000 103:04 6170351                   /usr/lib/jvm/java-8-openjdk-amd64/jre/lib/amd64/libjava.so
7f44cd711000-7f44cd718000 r--p 00025000 103:04 6170351                   /usr/lib/jvm/java-8-openjdk-amd64/jre/lib/amd64/libjava.so
7f44cd718000-7f44cd719000 r--p 0002b000 103:04 6170351                   /usr/lib/jvm/java-8-openjdk-amd64/jre/lib/amd64/libjava.so
7f44cd719000-7f44cd71b000 rw-p 0002c000 103:04 6170351                   /usr/lib/jvm/java-8-openjdk-amd64/jre/lib/amd64/libjava.so
7f44cd71b000-7f44cd720000 r--p 00000000 103:04 6170369                   /usr/lib/jvm/java-8-openjdk-amd64/jre/lib/amd64/libverify.so
7f44cd720000-7f44cd729000 r-xp 00005000 103:04 6170369                   /usr/lib/jvm/java-8-openjdk-amd64/jre/lib/amd64/libverify.so
7f44cd729000-7f44cd72b000 r--p 0000e000 103:04 6170369                   /usr/lib/jvm/java-8-openjdk-amd64/jre/lib/amd64/libverify.so
7f44cd72b000-7f44cd72d000 r--p 0000f000 103:04 6170369                   /usr/lib/jvm/java-8-openjdk-amd64/jre/lib/amd64/libverify.so
7f44cd72d000-7f44cd72e000 rw-p 00011000 103:04 6170369                   /usr/lib/jvm/java-8-openjdk-amd64/jre/lib/amd64/libverify.so
7f44cd72e000-7f44cd731000 r--p 00000000 103:04 6170337                   /usr/lib/jvm/java-8-openjdk-amd64/jre/lib/amd64/jli/libjli.so
7f44cd731000-7f44cd73b000 r-xp 00003000 103:04 6170337                   /usr/lib/jvm/java-8-openjdk-amd64/jre/lib/amd64/jli/libjli.so
7f44cd73b000-7f44cd73e000 r--p 0000d000 103:04 6170337                   /usr/lib/jvm/java-8-openjdk-amd64/jre/lib/amd64/jli/libjli.so
7f44cd73e000-7f44cd73f000 r--p 0000f000 103:04 6170337                   /usr/lib/jvm/java-8-openjdk-amd64/jre/lib/amd64/jli/libjli.so
7f44cd73f000-7f44cd740000 rw-p 00010000 103:04 6170337                   /usr/lib/jvm/java-8-openjdk-amd64/jre/lib/amd64/jli/libjli.so
7f44cd740000-7f44cd742000 rw-p 00000000 00:00 0 
7f44cd742000-7f44cd743000 r--p 00000000 103:04 4851839                   /usr/lib/x86_64-linux-gnu/ld-2.31.so
7f44cd743000-7f44cd766000 r-xp 00001000 103:04 4851839                   /usr/lib/x86_64-linux-gnu/ld-2.31.so
7f44cd766000-7f44cd76e000 r--p 00024000 103:04 4851839                   /usr/lib/x86_64-linux-gnu/ld-2.31.so
7f44cd76e000-7f44cd76f000 r--p 00000000 00:00 0 
7f44cd76f000-7f44cd770000 r--p 0002c000 103:04 4851839                   /usr/lib/x86_64-linux-gnu/ld-2.31.so
7f44cd770000-7f44cd771000 rw-p 0002d000 103:04 4851839                   /usr/lib/x86_64-linux-gnu/ld-2.31.so
7f44cd771000-7f44cd772000 rw-p 00000000 00:00 0 
7ffd51061000-7ffd51083000 rw-p 00000000 00:00 0                          [stack]
7ffd5116f000-7ffd51173000 r--p 00000000 00:00 0                          [vvar]
7ffd51173000-7ffd51175000 r-xp 00000000 00:00 0                          [vdso]
ffffffffff600000-ffffffffff601000 --xp 00000000 00:00 0                  [vsyscall]

VM Arguments:
jvm_args: -Dfile.encoding=UTF-8 
java_command: it.unibo.radarSystem22.sprint3.main.devicesOnRasp.RadarSysSprint3DevicesOnRaspMain
java_class_path (initial): /home/hiari/myIssLab/it.unibo.radarSystem22/bin/default:/home/hiari/.gradle/caches/modules-2/files-2.1/org.pushingpixels/trident/1.3/a90e1fe1a5f47288e5820666179397dd10ca021/trident-1.3.jar:/home/hiari/.gradle/caches/modules-2/files-2.1/com.google.android/android/2.3.3/949a2bef1ffe62e81af5d8919d17dfcc1309c43c/android-2.3.3.jar:/home/hiari/.gradle/caches/modules-2/files-2.1/org.json/json/20160810/aca5eb39e2a12fddd6c472b240afe9ebea3a6733/json-20160810.jar:/home/hiari/myIssLab/unibolibs/it.unibo.radarSystem22.domain-1.0.jar:/home/hiari/myIssLab/unibolibs/it.unibo.comm2022-2.0.jar:/home/hiari/myIssLab/unibolibs:/home/hiari/myIssLab/unibolibs/2p301.jar:/home/hiari/myIssLab/unibolibs/uniboInterfaces.jar:/home/hiari/myIssLab/unibolibs/unibonoawtsupports.jar:/home/hiari/myIssLab/unibolibs/radarPojo.jar:/home/hiari/.gradle/caches/modules-2/files-2.1/org.eclipse.swt.gtk.linux/x86_64/3.3.0-v3346/5a7561696dc49e42713e78cb09e0563bba6b96c/x86_64-3.3.0-v3346.jar:/home/hiari/.gradle/caches/modules-2/files-2.1/org.eclipse.swt.gtk.linux/x86/3.3.0-v3346/a9ce3fdc84060952a94f509442673698c3880f92/x86-3.3.0-v3346.jar:/home/hiari/.gradle/caches/modules-2/files-2.1/org.apache.httpcomponents/httpclient/4.0.1/1d7d28fa738bdbfe4fbd895d9486308999bdf440/httpclient-4.0.1.jar:/home/hiari/.gradle/caches/modules-2/files-2.1/commons-logging/commons-logging/1.1.1/5043bfebc3db072ed80fbd362e7caf00e885d8ae/commons-logging-1.1.1.jar:/home/hiari/.gradle/caches/modules-2/files-2.1/org.khronos/opengl-api/gl1.1-android-2.1_r1/8827d279add29cf9115820671e7879de7bf80390/opengl-api-gl1.1-android-2.1_r1.jar:/home/hiari/.gradle/caches/modules-2/files-2.1/xerces/xmlParserAPIs/2.6.2/65acede1e5305bd2b92213d7b5761328c6f4fd9/xmlParserAPIs-2.6.2.jar:/home/hiari/.gradle/caches/modules-2/files-2.1/xpp3/xpp3/1.1.4c/9b988ea84b9e4e9f1874e390ce099b8ac12cfff5/xpp3-1.1.4c.jar:/home/hiari/.gradle/caches/modules-2/files-2.1/org.apache.httpcomponents/httpcore/4.0.1/e813b8722c387b22e1adccf7914729db09bcb4a9/h
Launcher Type: SUN_STANDARD

Environment Variables:
JAVA_HOME=/usr/lib/jvm/java-1.8.0-openjdk-amd64
JRE_HOME=/usr/lib/jvm/java-8-openjdk-amd64/jre/bin/java
PATH=/opt/gradle-7.4/bin:/opt/node-v16.14.0-linux-x64/bin:/home/hiari/.local/bin:/usr/local/sbin:/usr/local/bin:/usr/sbin:/usr/bin:/sbin:/bin:/usr/games:/usr/local/games:/snap/bin:/home/hiari/android-studio/bin:/home/hiari/.local/bin
USERNAME=hiari
SHELL=/bin/bash
DISPLAY=:0

Signal Handlers:
SIGSEGV: [libjvm.so+0xb373b0], sa_mask[0]=11111111011111111101111111111110, sa_flags=SA_RESTART|SA_SIGINFO
SIGBUS: [libjvm.so+0xb373b0], sa_mask[0]=11111111011111111101111111111110, sa_flags=SA_RESTART|SA_SIGINFO
SIGFPE: [libjvm.so+0x97bff0], sa_mask[0]=11111111011111111101111111111110, sa_flags=SA_RESTART|SA_SIGINFO
SIGPIPE: [libjvm.so+0x97bff0], sa_mask[0]=11111111011111111101111111111110, sa_flags=SA_RESTART|SA_SIGINFO
SIGXFSZ: [libjvm.so+0x97bff0], sa_mask[0]=11111111011111111101111111111110, sa_flags=SA_RESTART|SA_SIGINFO
SIGILL: [libjvm.so+0x97bff0], sa_mask[0]=11111111011111111101111111111110, sa_flags=SA_RESTART|SA_SIGINFO
SIGUSR1: SIG_DFL, sa_mask[0]=00000000000000000000000000000000, sa_flags=none
SIGUSR2: [libjvm.so+0x97bea0], sa_mask[0]=00100000000000000000000000000000, sa_flags=SA_RESTART|SA_SIGINFO
SIGHUP: [libjvm.so+0x97c270], sa_mask[0]=11111111011111111101111111111110, sa_flags=SA_RESTART|SA_SIGINFO
SIGINT: [libjvm.so+0x97c270], sa_mask[0]=11111111011111111101111111111110, sa_flags=SA_RESTART|SA_SIGINFO
SIGTERM: [libjvm.so+0x97c270], sa_mask[0]=11111111011111111101111111111110, sa_flags=SA_RESTART|SA_SIGINFO
SIGQUIT: [libjvm.so+0x97c270], sa_mask[0]=11111111011111111101111111111110, sa_flags=SA_RESTART|SA_SIGINFO


---------------  S Y S T E M  ---------------

OS:DISTRIB_ID=Ubuntu
DISTRIB_RELEASE=20.04
DISTRIB_CODENAME=focal
DISTRIB_DESCRIPTION="Ubuntu 20.04.4 LTS"

uname:Linux 5.13.0-37-generic #42~20.04.1-Ubuntu SMP Tue Mar 15 15:44:28 UTC 2022 x86_64
libc:glibc 2.31 NPTL 2.31 
rlimit: STACK 8192k, CORE 0k, NPROC 62598, NOFILE 1048576, AS infinity
load average:0,72 0,68 0,66

/proc/meminfo:
MemTotal:       16099784 kB
MemFree:         9016704 kB
MemAvailable:   11894808 kB
Buffers:          261268 kB
Cached:          2806412 kB
SwapCached:            0 kB
Active:          1453492 kB
Inactive:        5015820 kB
Active(anon):      21856 kB
Inactive(anon):  3426628 kB
Active(file):    1431636 kB
Inactive(file):  1589192 kB
Unevictable:        5184 kB
Mlocked:              96 kB
SwapTotal:       2097148 kB
SwapFree:        2097148 kB
Dirty:               108 kB
Writeback:             0 kB
AnonPages:       3407480 kB
Mapped:           803940 kB
Shmem:             51012 kB
KReclaimable:     199880 kB
Slab:             350372 kB
SReclaimable:     199880 kB
SUnreclaim:       150492 kB
KernelStack:       19868 kB
PageTables:        37672 kB
NFS_Unstable:          0 kB
Bounce:                0 kB
WritebackTmp:          0 kB
CommitLimit:    10147040 kB
Committed_AS:   11767912 kB
VmallocTotal:   34359738367 kB
VmallocUsed:       92116 kB
VmallocChunk:          0 kB
Percpu:            15296 kB
HardwareCorrupted:     0 kB
AnonHugePages:         0 kB
ShmemHugePages:        0 kB
ShmemPmdMapped:        0 kB
FileHugePages:         0 kB
FilePmdMapped:         0 kB
HugePages_Total:       0
HugePages_Free:        0
HugePages_Rsvd:        0
HugePages_Surp:        0
Hugepagesize:       2048 kB
Hugetlb:               0 kB
DirectMap4k:      569556 kB
DirectMap2M:     9629696 kB
DirectMap1G:     7340032 kB

container (cgroup) information:
container_type: cgroupv1
cpu_cpuset_cpus: 0-15
cpu_memory_nodes: 0
active_processor_count: 16
cpu_quota: -1
cpu_period: 100000
cpu_shares: -1
memory_limit_in_bytes: -1
memory_and_swap_limit_in_bytes: -1
memory_soft_limit_in_bytes: -1
memory_usage_in_bytes: 5242585088
memory_max_usage_in_bytes: 5925990400


CPU:total 16 (initial active 16) (8 cores per cpu, 2 threads per core) family 6 model 141 stepping 1, cmov, cx8, fxsr, mmx, sse, sse2, sse3, ssse3, sse4.1, sse4.2, popcnt, avx, avx2, aes, clmul, erms, 3dnowpref, lzcnt, ht, tsc, tscinvbit, bmi1, bmi2, adx

/proc/cpuinfo:
processor	: 0
vendor_id	: GenuineIntel
cpu family	: 6
model		: 141
model name	: 11th Gen Intel(R) Core(TM) i7-11800H @ 2.30GHz
stepping	: 1
microcode	: 0x3c
cpu MHz		: 2300.000
cache size	: 24576 KB
physical id	: 0
siblings	: 16
core id		: 0
cpu cores	: 8
apicid		: 0
initial apicid	: 0
fpu		: yes
fpu_exception	: yes
cpuid level	: 27
wp		: yes
flags		: fpu vme de pse tsc msr pae mce cx8 apic sep mtrr pge mca cmov pat pse36 clflush dts acpi mmx fxsr sse sse2 ss ht tm pbe syscall nx pdpe1gb rdtscp lm constant_tsc art arch_perfmon pebs bts rep_good nopl xtopology nonstop_tsc cpuid aperfmperf tsc_known_freq pni pclmulqdq dtes64 monitor ds_cpl vmx est tm2 ssse3 sdbg fma cx16 xtpr pdcm pcid sse4_1 sse4_2 x2apic movbe popcnt tsc_deadline_timer aes xsave avx f16c rdrand lahf_lm abm 3dnowprefetch cpuid_fault epb cat_l2 invpcid_single cdp_l2 ssbd ibrs ibpb stibp ibrs_enhanced tpr_shadow vnmi flexpriority ept vpid ept_ad fsgsbase tsc_adjust bmi1 avx2 smep bmi2 erms invpcid rdt_a avx512f avx512dq rdseed adx smap avx512ifma clflushopt clwb intel_pt avx512cd sha_ni avx512bw avx512vl xsaveopt xsavec xgetbv1 xsaves split_lock_detect dtherm ida arat pln pts hwp hwp_notify hwp_act_window hwp_epp hwp_pkg_req avx512vbmi umip pku ospke avx512_vbmi2 gfni vaes vpclmulqdq avx512_vnni avx512_bitalg avx512_vpopcntdq rdpid movdiri movdir64b fsrm avx512_vp2intersect md_clear flush_l1d arch_capabilities
vmx flags	: vnmi preemption_timer posted_intr invvpid ept_x_only ept_ad ept_1gb flexpriority apicv tsc_offset vtpr mtf vapic ept vpid unrestricted_guest vapic_reg vid ple pml ept_mode_based_exec tsc_scaling
bugs		: spectre_v1 spectre_v2 spec_store_bypass swapgs
bogomips	: 4608.00
clflush size	: 64
cache_alignment	: 64
address sizes	: 39 bits physical, 48 bits virtual
power management:

processor	: 1
vendor_id	: GenuineIntel
cpu family	: 6
model		: 141
model name	: 11th Gen Intel(R) Core(TM) i7-11800H @ 2.30GHz
stepping	: 1
microcode	: 0x3c
cpu MHz		: 2300.000
cache size	: 24576 KB
physical id	: 0
siblings	: 16
core id		: 1
cpu cores	: 8
apicid		: 2
initial apicid	: 2
fpu		: yes
fpu_exception	: yes
cpuid level	: 27
wp		: yes
flags		: fpu vme de pse tsc msr pae mce cx8 apic sep mtrr pge mca cmov pat pse36 clflush dts acpi mmx fxsr sse sse2 ss ht tm pbe syscall nx pdpe1gb rdtscp lm constant_tsc art arch_perfmon pebs bts rep_good nopl xtopology nonstop_tsc cpuid aperfmperf tsc_known_freq pni pclmulqdq dtes64 monitor ds_cpl vmx est tm2 ssse3 sdbg fma cx16 xtpr pdcm pcid sse4_1 sse4_2 x2apic movbe popcnt tsc_deadline_timer aes xsave avx f16c rdrand lahf_lm abm 3dnowprefetch cpuid_fault epb cat_l2 invpcid_single cdp_l2 ssbd ibrs ibpb stibp ibrs_enhanced tpr_shadow vnmi flexpriority ept vpid ept_ad fsgsbase tsc_adjust bmi1 avx2 smep bmi2 erms invpcid rdt_a avx512f avx512dq rdseed adx smap avx512ifma clflushopt clwb intel_pt avx512cd sha_ni avx512bw avx512vl xsaveopt xsavec xgetbv1 xsaves split_lock_detect dtherm ida arat pln pts hwp hwp_notify hwp_act_window hwp_epp hwp_pkg_req avx512vbmi umip pku ospke avx512_vbmi2 gfni vaes vpclmulqdq avx512_vnni avx512_bitalg avx512_vpopcntdq rdpid movdiri movdir64b fsrm avx512_vp2intersect md_clear flush_l1d arch_capabilities
vmx flags	: vnmi preemption_timer posted_intr invvpid ept_x_only ept_ad ept_1gb flexpriority apicv tsc_offset vtpr mtf vapic ept vpid unrestricted_guest vapic_reg vid ple pml ept_mode_based_exec tsc_scaling
bugs		: spectre_v1 spectre_v2 spec_store_bypass swapgs
bogomips	: 4608.00
clflush size	: 64
cache_alignment	: 64
address sizes	: 39 bits physical, 48 bits virtual
power management:

processor	: 2
vendor_id	: GenuineIntel
cpu family	: 6
model		: 141
model name	: 11th Gen Intel(R) Core(TM) i7-11800H @ 2.30GHz
stepping	: 1
microcode	: 0x3c
cpu MHz		: 2300.000
cache size	: 24576 KB
physical id	: 0
siblings	: 16
core id		: 2
cpu cores	: 8
apicid		: 4
initial apicid	: 4
fpu		: yes
fpu_exception	: yes
cpuid level	: 27
wp		: yes
flags		: fpu vme de pse tsc msr pae mce cx8 apic sep mtrr pge mca cmov pat pse36 clflush dts acpi mmx fxsr sse sse2 ss ht tm pbe syscall nx pdpe1gb rdtscp lm constant_tsc art arch_perfmon pebs bts rep_good nopl xtopology nonstop_tsc cpuid aperfmperf tsc_known_freq pni pclmulqdq dtes64 monitor ds_cpl vmx est tm2 ssse3 sdbg fma cx16 xtpr pdcm pcid sse4_1 sse4_2 x2apic movbe popcnt tsc_deadline_timer aes xsave avx f16c rdrand lahf_lm abm 3dnowprefetch cpuid_fault epb cat_l2 invpcid_single cdp_l2 ssbd ibrs ibpb stibp ibrs_enhanced tpr_shadow vnmi flexpriority ept vpid ept_ad fsgsbase tsc_adjust bmi1 avx2 smep bmi2 erms invpcid rdt_a avx512f avx512dq rdseed adx smap avx512ifma clflushopt clwb intel_pt avx512cd sha_ni avx512bw avx512vl xsaveopt xsavec xgetbv1 xsaves split_lock_detect dtherm ida arat pln pts hwp hwp_notify hwp_act_window hwp_epp hwp_pkg_req avx512vbmi umip pku ospke avx512_vbmi2 gfni vaes vpclmulqdq avx512_vnni avx512_bitalg avx512_vpopcntdq rdpid movdiri movdir64b fsrm avx512_vp2intersect md_clear flush_l1d arch_capabilities
vmx flags	: vnmi preemption_timer posted_intr invvpid ept_x_only ept_ad ept_1gb flexpriority apicv tsc_offset vtpr mtf vapic ept vpid unrestricted_guest vapic_reg vid ple pml ept_mode_based_exec tsc_scaling
bugs		: spectre_v1 spectre_v2 spec_store_bypass swapgs
bogomips	: 4608.00
clflush size	: 64
cache_alignment	: 64
address sizes	: 39 bits physical, 48 bits virtual
power management:

processor	: 3
vendor_id	: GenuineIntel
cpu family	: 6
model		: 141
model name	: 11th Gen Intel(R) Core(TM) i7-11800H @ 2.30GHz
stepping	: 1
microcode	: 0x3c
cpu MHz		: 2300.000
cache size	: 24576 KB
physical id	: 0
siblings	: 16
core id		: 3
cpu cores	: 8
apicid		: 6
initial apicid	: 6
fpu		: yes
fpu_exception	: yes
cpuid level	: 27
wp		: yes
flags		: fpu vme de pse tsc msr pae mce cx8 apic sep mtrr pge mca cmov pat pse36 clflush dts acpi mmx fxsr sse sse2 ss ht tm pbe syscall nx pdpe1gb rdtscp lm constant_tsc art arch_perfmon pebs bts rep_good nopl xtopology nonstop_tsc cpuid aperfmperf tsc_known_freq pni pclmulqdq dtes64 monitor ds_cpl vmx est tm2 ssse3 sdbg fma cx16 xtpr pdcm pcid sse4_1 sse4_2 x2apic movbe popcnt tsc_deadline_timer aes xsave avx f16c rdrand lahf_lm abm 3dnowprefetch cpuid_fault epb cat_l2 invpcid_single cdp_l2 ssbd ibrs ibpb stibp ibrs_enhanced tpr_shadow vnmi flexpriority ept vpid ept_ad fsgsbase tsc_adjust bmi1 avx2 smep bmi2 erms invpcid rdt_a avx512f avx512dq rdseed adx smap avx512ifma clflushopt clwb intel_pt avx512cd sha_ni avx512bw avx512vl xsaveopt xsavec xgetbv1 xsaves split_lock_detect dtherm ida arat pln pts hwp hwp_notify hwp_act_window hwp_epp hwp_pkg_req avx512vbmi umip pku ospke avx512_vbmi2 gfni vaes vpclmulqdq avx512_vnni avx512_bitalg avx512_vpopcntdq rdpid movdiri movdir64b fsrm avx512_vp2intersect md_clear flush_l1d arch_capabilities
vmx flags	: vnmi preemption_timer posted_intr invvpid ept_x_only ept_ad ept_1gb flexpriority apicv tsc_offset vtpr mtf vapic ept vpid unrestricted_guest vapic_reg vid ple pml ept_mode_based_exec tsc_scaling
bugs		: spectre_v1 spectre_v2 spec_store_bypass swapgs
bogomips	: 4608.00
clflush size	: 64
cache_alignment	: 64
address sizes	: 39 bits physical, 48 bits virtual
power management:

processor	: 4
vendor_id	: GenuineIntel
cpu family	: 6
model		: 141
model name	: 11th Gen Intel(R) Core(TM) i7-11800H @ 2.30GHz
stepping	: 1
microcode	: 0x3c
cpu MHz		: 2300.000
cache size	: 24576 KB
physical id	: 0
siblings	: 16
core id		: 4
cpu cores	: 8
apicid		: 8
initial apicid	: 8
fpu		: yes
fpu_exception	: yes
cpuid level	: 27
wp		: yes
flags		: fpu vme de pse tsc msr pae mce cx8 apic sep mtrr pge mca cmov pat pse36 clflush dts acpi mmx fxsr sse sse2 ss ht tm pbe syscall nx pdpe1gb rdtscp lm constant_tsc art arch_perfmon pebs bts rep_good nopl xtopology nonstop_tsc cpuid aperfmperf tsc_known_freq pni pclmulqdq dtes64 monitor ds_cpl vmx est tm2 ssse3 sdbg fma cx16 xtpr pdcm pcid sse4_1 sse4_2 x2apic movbe popcnt tsc_deadline_timer aes xsave avx f16c rdrand lahf_lm abm 3dnowprefetch cpuid_fault epb cat_l2 invpcid_single cdp_l2 ssbd ibrs ibpb stibp ibrs_enhanced tpr_shadow vnmi flexpriority ept vpid ept_ad fsgsbase tsc_adjust bmi1 avx2 smep bmi2 erms invpcid rdt_a avx512f avx512dq rdseed adx smap avx512ifma clflushopt clwb intel_pt avx512cd sha_ni avx512bw avx512vl xsaveopt xsavec xgetbv1 xsaves split_lock_detect dtherm ida arat pln pts hwp hwp_notify hwp_act_window hwp_epp hwp_pkg_req avx512vbmi umip pku ospke avx512_vbmi2 gfni vaes vpclmulqdq avx512_vnni avx512_bitalg avx512_vpopcntdq rdpid movdiri movdir64b fsrm avx512_vp2intersect md_clear flush_l1d arch_capabilities
vmx flags	: vnmi preemption_timer posted_intr invvpid ept_x_only ept_ad ept_1gb flexpriority apicv tsc_offset vtpr mtf vapic ept vpid unrestricted_guest vapic_reg vid ple pml ept_mode_based_exec tsc_scaling
bugs		: spectre_v1 spectre_v2 spec_store_bypass swapgs
bogomips	: 4608.00
clflush size	: 64
cache_alignment	: 64
address sizes	: 39 bits physical, 48 bits virtual
power management:

processor	: 5
vendor_id	: GenuineIntel
cpu family	: 6
model		: 141
model name	: 11th Gen Intel(R) Core(TM) i7-11800H @ 2.30GHz
stepping	: 1
microcode	: 0x3c
cpu MHz		: 1720.067
cache size	: 24576 KB
physical id	: 0
siblings	: 16
core id		: 5
cpu cores	: 8
apicid		: 10
initial apicid	: 10
fpu		: yes
fpu_exception	: yes
cpuid level	: 27
wp		: yes
flags		: fpu vme de pse tsc msr pae mce cx8 apic sep mtrr pge mca cmov pat pse36 clflush dts acpi mmx fxsr sse sse2 ss ht tm pbe syscall nx pdpe1gb rdtscp lm constant_tsc art arch_perfmon pebs bts rep_good nopl xtopology nonstop_tsc cpuid aperfmperf tsc_known_freq pni pclmulqdq dtes64 monitor ds_cpl vmx est tm2 ssse3 sdbg fma cx16 xtpr pdcm pcid sse4_1 sse4_2 x2apic movbe popcnt tsc_deadline_timer aes xsave avx f16c rdrand lahf_lm abm 3dnowprefetch cpuid_fault epb cat_l2 invpcid_single cdp_l2 ssbd ibrs ibpb stibp ibrs_enhanced tpr_shadow vnmi flexpriority ept vpid ept_ad fsgsbase tsc_adjust bmi1 avx2 smep bmi2 erms invpcid rdt_a avx512f avx512dq rdseed adx smap avx512ifma clflushopt clwb intel_pt avx512cd sha_ni avx512bw avx512vl xsaveopt xsavec xgetbv1 xsaves split_lock_detect dtherm ida arat pln pts hwp hwp_notify hwp_act_window hwp_epp hwp_pkg_req avx512vbmi umip pku ospke avx512_vbmi2 gfni vaes vpclmulqdq avx512_vnni avx512_bitalg avx512_vpopcntdq rdpid movdiri movdir64b fsrm avx512_vp2intersect md_clear flush_l1d arch_capabilities
vmx flags	: vnmi preemption_timer posted_intr invvpid ept_x_only ept_ad ept_1gb flexpriority apicv tsc_offset vtpr mtf vapic ept vpid unrestricted_guest vapic_reg vid ple pml ept_mode_based_exec tsc_scaling
bugs		: spectre_v1 spectre_v2 spec_store_bypass swapgs
bogomips	: 4608.00
clflush size	: 64
cache_alignment	: 64
address sizes	: 39 bits physical, 48 bits virtual
power management:

processor	: 6
vendor_id	: GenuineIntel
cpu family	: 6
model		: 141
model name	: 11th Gen Intel(R) Core(TM) i7-11800H @ 2.30GHz
stepping	: 1
microcode	: 0x3c
cpu MHz		: 1662.153
cache size	: 24576 KB
physical id	: 0
siblings	: 16
core id		: 6
cpu cores	: 8
apicid		: 12
initial apicid	: 12
fpu		: yes
fpu_exception	: yes
cpuid level	: 27
wp		: yes
flags		: fpu vme de pse tsc msr pae mce cx8 apic sep mtrr pge mca cmov pat pse36 clflush dts acpi mmx fxsr sse sse2 ss ht tm pbe syscall nx pdpe1gb rdtscp lm constant_tsc art arch_perfmon pebs bts rep_good nopl xtopology nonstop_tsc cpuid aperfmperf tsc_known_freq pni pclmulqdq dtes64 monitor ds_cpl vmx est tm2 ssse3 sdbg fma cx16 xtpr pdcm pcid sse4_1 sse4_2 x2apic movbe popcnt tsc_deadline_timer aes xsave avx f16c rdrand lahf_lm abm 3dnowprefetch cpuid_fault epb cat_l2 invpcid_single cdp_l2 ssbd ibrs ibpb stibp ibrs_enhanced tpr_shadow vnmi flexpriority ept vpid ept_ad fsgsbase tsc_adjust bmi1 avx2 smep bmi2 erms invpcid rdt_a avx512f avx512dq rdseed adx smap avx512ifma clflushopt clwb intel_pt avx512cd sha_ni avx512bw avx512vl xsaveopt xsavec xgetbv1 xsaves split_lock_detect dtherm ida arat pln pts hwp hwp_notify hwp_act_window hwp_epp hwp_pkg_req avx512vbmi umip pku ospke avx512_vbmi2 gfni vaes vpclmulqdq avx512_vnni avx512_bitalg avx512_vpopcntdq rdpid movdiri movdir64b fsrm avx512_vp2intersect md_clear flush_l1d arch_capabilities
vmx flags	: vnmi preemption_timer posted_intr invvpid ept_x_only ept_ad ept_1gb flexpriority apicv tsc_offset vtpr mtf vapic ept vpid unrestricted_guest vapic_reg vid ple pml ept_mode_based_exec tsc_scaling
bugs		: spectre_v1 spectre_v2 spec_store_bypass swapgs
bogomips	: 4608.00
clflush size	: 64
cache_alignment	: 64
address sizes	: 39 bits physical, 48 bits virtual
power management:

processor	: 7
vendor_id	: GenuineIntel
cpu family	: 6
model		: 141
model name	: 11th Gen Intel(R) Core(TM) i7-11800H @ 2.30GHz
stepping	: 1
microcode	: 0x3c
cpu MHz		: 1713.874
cache size	: 24576 KB
physical id	: 0
siblings	: 16
core id		: 7
cpu cores	: 8
apicid		: 14
initial apicid	: 14
fpu		: yes
fpu_exception	: yes
cpuid level	: 27
wp		: yes
flags		: fpu vme de pse tsc msr pae mce cx8 apic sep mtrr pge mca cmov pat pse36 clflush dts acpi mmx fxsr sse sse2 ss ht tm pbe syscall nx pdpe1gb rdtscp lm constant_tsc art arch_perfmon pebs bts rep_good nopl xtopology nonstop_tsc cpuid aperfmperf tsc_known_freq pni pclmulqdq dtes64 monitor ds_cpl vmx est tm2 ssse3 sdbg fma cx16 xtpr pdcm pcid sse4_1 sse4_2 x2apic movbe popcnt tsc_deadline_timer aes xsave avx f16c rdrand lahf_lm abm 3dnowprefetch cpuid_fault epb cat_l2 invpcid_single cdp_l2 ssbd ibrs ibpb stibp ibrs_enhanced tpr_shadow vnmi flexpriority ept vpid ept_ad fsgsbase tsc_adjust bmi1 avx2 smep bmi2 erms invpcid rdt_a avx512f avx512dq rdseed adx smap avx512ifma clflushopt clwb intel_pt avx512cd sha_ni avx512bw avx512vl xsaveopt xsavec xgetbv1 xsaves split_lock_detect dtherm ida arat pln pts hwp hwp_notify hwp_act_window hwp_epp hwp_pkg_req avx512vbmi umip pku ospke avx512_vbmi2 gfni vaes vpclmulqdq avx512_vnni avx512_bitalg avx512_vpopcntdq rdpid movdiri movdir64b fsrm avx512_vp2intersect md_clear flush_l1d arch_capabilities
vmx flags	: vnmi preemption_timer posted_intr invvpid ept_x_only ept_ad ept_1gb flexpriority apicv tsc_offset vtpr mtf vapic ept vpid unrestricted_guest vapic_reg vid ple pml ept_mode_based_exec tsc_scaling
bugs		: spectre_v1 spectre_v2 spec_store_bypass swapgs
bogomips	: 4608.00
clflush size	: 64
cache_alignment	: 64
address sizes	: 39 bits physical, 48 bits virtual
power management:

processor	: 8
vendor_id	: GenuineIntel
cpu family	: 6
model		: 141
model name	: 11th Gen Intel(R) Core(TM) i7-11800H @ 2.30GHz
stepping	: 1
microcode	: 0x3c
cpu MHz		: 2300.000
cache size	: 24576 KB
physical id	: 0
siblings	: 16
core id		: 0
cpu cores	: 8
apicid		: 1
initial apicid	: 1
fpu		: yes
fpu_exception	: yes
cpuid level	: 27
wp		: yes
flags		: fpu vme de pse tsc msr pae mce cx8 apic sep mtrr pge mca cmov pat pse36 clflush dts acpi mmx fxsr sse sse2 ss ht tm pbe syscall nx pdpe1gb rdtscp lm constant_tsc art arch_perfmon pebs bts rep_good nopl xtopology nonstop_tsc cpuid aperfmperf tsc_known_freq pni pclmulqdq dtes64 monitor ds_cpl vmx est tm2 ssse3 sdbg fma cx16 xtpr pdcm pcid sse4_1 sse4_2 x2apic movbe popcnt tsc_deadline_timer aes xsave avx f16c rdrand lahf_lm abm 3dnowprefetch cpuid_fault epb cat_l2 invpcid_single cdp_l2 ssbd ibrs ibpb stibp ibrs_enhanced tpr_shadow vnmi flexpriority ept vpid ept_ad fsgsbase tsc_adjust bmi1 avx2 smep bmi2 erms invpcid rdt_a avx512f avx512dq rdseed adx smap avx512ifma clflushopt clwb intel_pt avx512cd sha_ni avx512bw avx512vl xsaveopt xsavec xgetbv1 xsaves split_lock_detect dtherm ida arat pln pts hwp hwp_notify hwp_act_window hwp_epp hwp_pkg_req avx512vbmi umip pku ospke avx512_vbmi2 gfni vaes vpclmulqdq avx512_vnni avx512_bitalg avx512_vpopcntdq rdpid movdiri movdir64b fsrm avx512_vp2intersect md_clear flush_l1d arch_capabilities
vmx flags	: vnmi preemption_timer posted_intr invvpid ept_x_only ept_ad ept_1gb flexpriority apicv tsc_offset vtpr mtf vapic ept vpid unrestricted_guest vapic_reg vid ple pml ept_mode_based_exec tsc_scaling
bugs		: spectre_v1 spectre_v2 spec_store_bypass swapgs
bogomips	: 4608.00
clflush size	: 64
cache_alignment	: 64
address sizes	: 39 bits physical, 48 bits virtual
power management:

processor	: 9
vendor_id	: GenuineIntel
cpu family	: 6
model		: 141
model name	: 11th Gen Intel(R) Core(TM) i7-11800H @ 2.30GHz
stepping	: 1
microcode	: 0x3c
cpu MHz		: 3276.531
cache size	: 24576 KB
physical id	: 0
siblings	: 16
core id		: 1
cpu cores	: 8
apicid		: 3
initial apicid	: 3
fpu		: yes
fpu_exception	: yes
cpuid level	: 27
wp		: yes
flags		: fpu vme de pse tsc msr pae mce cx8 apic sep mtrr pge mca cmov pat pse36 clflush dts acpi mmx fxsr sse sse2 ss ht tm pbe syscall nx pdpe1gb rdtscp lm constant_tsc art arch_perfmon pebs bts rep_good nopl xtopology nonstop_tsc cpuid aperfmperf tsc_known_freq pni pclmulqdq dtes64 monitor ds_cpl vmx est tm2 ssse3 sdbg fma cx16 xtpr pdcm pcid sse4_1 sse4_2 x2apic movbe popcnt tsc_deadline_timer aes xsave avx f16c rdrand lahf_lm abm 3dnowprefetch cpuid_fault epb cat_l2 invpcid_single cdp_l2 ssbd ibrs ibpb stibp ibrs_enhanced tpr_shadow vnmi flexpriority ept vpid ept_ad fsgsbase tsc_adjust bmi1 avx2 smep bmi2 erms invpcid rdt_a avx512f avx512dq rdseed adx smap avx512ifma clflushopt clwb intel_pt avx512cd sha_ni avx512bw avx512vl xsaveopt xsavec xgetbv1 xsaves split_lock_detect dtherm ida arat pln pts hwp hwp_notify hwp_act_window hwp_epp hwp_pkg_req avx512vbmi umip pku ospke avx512_vbmi2 gfni vaes vpclmulqdq avx512_vnni avx512_bitalg avx512_vpopcntdq rdpid movdiri movdir64b fsrm avx512_vp2intersect md_clear flush_l1d arch_capabilities
vmx flags	: vnmi preemption_timer posted_intr invvpid ept_x_only ept_ad ept_1gb flexpriority apicv tsc_offset vtpr mtf vapic ept vpid unrestricted_guest vapic_reg vid ple pml ept_mode_based_exec tsc_scaling
bugs		: spectre_v1 spectre_v2 spec_store_bypass swapgs
bogomips	: 4608.00
clflush size	: 64
cache_alignment	: 64
address sizes	: 39 bits physical, 48 bits virtual
power management:

processor	: 10
vendor_id	: GenuineIntel
cpu family	: 6
model		: 141
model name	: 11th Gen Intel(R) Core(TM) i7-11800H @ 2.30GHz
stepping	: 1
microcode	: 0x3c
cpu MHz		: 2300.000
cache size	: 24576 KB
physical id	: 0
siblings	: 16
core id		: 2
cpu cores	: 8
apicid		: 5
initial apicid	: 5
fpu		: yes
fpu_exception	: yes
cpuid level	: 27
wp		: yes
flags		: fpu vme de pse tsc msr pae mce cx8 apic sep mtrr pge mca cmov pat pse36 clflush dts acpi mmx fxsr sse sse2 ss ht tm pbe syscall nx pdpe1gb rdtscp lm constant_tsc art arch_perfmon pebs bts rep_good nopl xtopology nonstop_tsc cpuid aperfmperf tsc_known_freq pni pclmulqdq dtes64 monitor ds_cpl vmx est tm2 ssse3 sdbg fma cx16 xtpr pdcm pcid sse4_1 sse4_2 x2apic movbe popcnt tsc_deadline_timer aes xsave avx f16c rdrand lahf_lm abm 3dnowprefetch cpuid_fault epb cat_l2 invpcid_single cdp_l2 ssbd ibrs ibpb stibp ibrs_enhanced tpr_shadow vnmi flexpriority ept vpid ept_ad fsgsbase tsc_adjust bmi1 avx2 smep bmi2 erms invpcid rdt_a avx512f avx512dq rdseed adx smap avx512ifma clflushopt clwb intel_pt avx512cd sha_ni avx512bw avx512vl xsaveopt xsavec xgetbv1 xsaves split_lock_detect dtherm ida arat pln pts hwp hwp_notify hwp_act_window hwp_epp hwp_pkg_req avx512vbmi umip pku ospke avx512_vbmi2 gfni vaes vpclmulqdq avx512_vnni avx512_bitalg avx512_vpopcntdq rdpid movdiri movdir64b fsrm avx512_vp2intersect md_clear flush_l1d arch_capabilities
vmx flags	: vnmi preemption_timer posted_intr invvpid ept_x_only ept_ad ept_1gb flexpriority apicv tsc_offset vtpr mtf vapic ept vpid unrestricted_guest vapic_reg vid ple pml ept_mode_based_exec tsc_scaling
bugs		: spectre_v1 spectre_v2 spec_store_bypass swapgs
bogomips	: 4608.00
clflush size	: 64
cache_alignment	: 64
address sizes	: 39 bits physical, 48 bits virtual
power management:

processor	: 11
vendor_id	: GenuineIntel
cpu family	: 6
model		: 141
model name	: 11th Gen Intel(R) Core(TM) i7-11800H @ 2.30GHz
stepping	: 1
microcode	: 0x3c
cpu MHz		: 2300.000
cache size	: 24576 KB
physical id	: 0
siblings	: 16
core id		: 3
cpu cores	: 8
apicid		: 7
initial apicid	: 7
fpu		: yes
fpu_exception	: yes
cpuid level	: 27
wp		: yes
flags		: fpu vme de pse tsc msr pae mce cx8 apic sep mtrr pge mca cmov pat pse36 clflush dts acpi mmx fxsr sse sse2 ss ht tm pbe syscall nx pdpe1gb rdtscp lm constant_tsc art arch_perfmon pebs bts rep_good nopl xtopology nonstop_tsc cpuid aperfmperf tsc_known_freq pni pclmulqdq dtes64 monitor ds_cpl vmx est tm2 ssse3 sdbg fma cx16 xtpr pdcm pcid sse4_1 sse4_2 x2apic movbe popcnt tsc_deadline_timer aes xsave avx f16c rdrand lahf_lm abm 3dnowprefetch cpuid_fault epb cat_l2 invpcid_single cdp_l2 ssbd ibrs ibpb stibp ibrs_enhanced tpr_shadow vnmi flexpriority ept vpid ept_ad fsgsbase tsc_adjust bmi1 avx2 smep bmi2 erms invpcid rdt_a avx512f avx512dq rdseed adx smap avx512ifma clflushopt clwb intel_pt avx512cd sha_ni avx512bw avx512vl xsaveopt xsavec xgetbv1 xsaves split_lock_detect dtherm ida arat pln pts hwp hwp_notify hwp_act_window hwp_epp hwp_pkg_req avx512vbmi umip pku ospke avx512_vbmi2 gfni vaes vpclmulqdq avx512_vnni avx512_bitalg avx512_vpopcntdq rdpid movdiri movdir64b fsrm avx512_vp2intersect md_clear flush_l1d arch_capabilities
vmx flags	: vnmi preemption_timer posted_intr invvpid ept_x_only ept_ad ept_1gb flexpriority apicv tsc_offset vtpr mtf vapic ept vpid unrestricted_guest vapic_reg vid ple pml ept_mode_based_exec tsc_scaling
bugs		: spectre_v1 spectre_v2 spec_store_bypass swapgs
bogomips	: 4608.00
clflush size	: 64
cache_alignment	: 64
address sizes	: 39 bits physical, 48 bits virtual
power management:

processor	: 12
vendor_id	: GenuineIntel
cpu family	: 6
model		: 141
model name	: 11th Gen Intel(R) Core(TM) i7-11800H @ 2.30GHz
stepping	: 1
microcode	: 0x3c
cpu MHz		: 2300.000
cache size	: 24576 KB
physical id	: 0
siblings	: 16
core id		: 4
cpu cores	: 8
apicid		: 9
initial apicid	: 9
fpu		: yes
fpu_exception	: yes
cpuid level	: 27
wp		: yes
flags		: fpu vme de pse tsc msr pae mce cx8 apic sep mtrr pge mca cmov pat pse36 clflush dts acpi mmx fxsr sse sse2 ss ht tm pbe syscall nx pdpe1gb rdtscp lm constant_tsc art arch_perfmon pebs bts rep_good nopl xtopology nonstop_tsc cpuid aperfmperf tsc_known_freq pni pclmulqdq dtes64 monitor ds_cpl vmx est tm2 ssse3 sdbg fma cx16 xtpr pdcm pcid sse4_1 sse4_2 x2apic movbe popcnt tsc_deadline_timer aes xsave avx f16c rdrand lahf_lm abm 3dnowprefetch cpuid_fault epb cat_l2 invpcid_single cdp_l2 ssbd ibrs ibpb stibp ibrs_enhanced tpr_shadow vnmi flexpriority ept vpid ept_ad fsgsbase tsc_adjust bmi1 avx2 smep bmi2 erms invpcid rdt_a avx512f avx512dq rdseed adx smap avx512ifma clflushopt clwb intel_pt avx512cd sha_ni avx512bw avx512vl xsaveopt xsavec xgetbv1 xsaves split_lock_detect dtherm ida arat pln pts hwp hwp_notify hwp_act_window hwp_epp hwp_pkg_req avx512vbmi umip pku ospke avx512_vbmi2 gfni vaes vpclmulqdq avx512_vnni avx512_bitalg avx512_vpopcntdq rdpid movdiri movdir64b fsrm avx512_vp2intersect md_clear flush_l1d arch_capabilities
vmx flags	: vnmi preemption_timer posted_intr invvpid ept_x_only ept_ad ept_1gb flexpriority apicv tsc_offset vtpr mtf vapic ept vpid unrestricted_guest vapic_reg vid ple pml ept_mode_based_exec tsc_scaling
bugs		: spectre_v1 spectre_v2 spec_store_bypass swapgs
bogomips	: 4608.00
clflush size	: 64
cache_alignment	: 64
address sizes	: 39 bits physical, 48 bits virtual
power management:

processor	: 13
vendor_id	: GenuineIntel
cpu family	: 6
model		: 141
model name	: 11th Gen Intel(R) Core(TM) i7-11800H @ 2.30GHz
stepping	: 1
microcode	: 0x3c
cpu MHz		: 3362.714
cache size	: 24576 KB
physical id	: 0
siblings	: 16
core id		: 5
cpu cores	: 8
apicid		: 11
initial apicid	: 11
fpu		: yes
fpu_exception	: yes
cpuid level	: 27
wp		: yes
flags		: fpu vme de pse tsc msr pae mce cx8 apic sep mtrr pge mca cmov pat pse36 clflush dts acpi mmx fxsr sse sse2 ss ht tm pbe syscall nx pdpe1gb rdtscp lm constant_tsc art arch_perfmon pebs bts rep_good nopl xtopology nonstop_tsc cpuid aperfmperf tsc_known_freq pni pclmulqdq dtes64 monitor ds_cpl vmx est tm2 ssse3 sdbg fma cx16 xtpr pdcm pcid sse4_1 sse4_2 x2apic movbe popcnt tsc_deadline_timer aes xsave avx f16c rdrand lahf_lm abm 3dnowprefetch cpuid_fault epb cat_l2 invpcid_single cdp_l2 ssbd ibrs ibpb stibp ibrs_enhanced tpr_shadow vnmi flexpriority ept vpid ept_ad fsgsbase tsc_adjust bmi1 avx2 smep bmi2 erms invpcid rdt_a avx512f avx512dq rdseed adx smap avx512ifma clflushopt clwb intel_pt avx512cd sha_ni avx512bw avx512vl xsaveopt xsavec xgetbv1 xsaves split_lock_detect dtherm ida arat pln pts hwp hwp_notify hwp_act_window hwp_epp hwp_pkg_req avx512vbmi umip pku ospke avx512_vbmi2 gfni vaes vpclmulqdq avx512_vnni avx512_bitalg avx512_vpopcntdq rdpid movdiri movdir64b fsrm avx512_vp2intersect md_clear flush_l1d arch_capabilities
vmx flags	: vnmi preemption_timer posted_intr invvpid ept_x_only ept_ad ept_1gb flexpriority apicv tsc_offset vtpr mtf vapic ept vpid unrestricted_guest vapic_reg vid ple pml ept_mode_based_exec tsc_scaling
bugs		: spectre_v1 spectre_v2 spec_store_bypass swapgs
bogomips	: 4608.00
clflush size	: 64
cache_alignment	: 64
address sizes	: 39 bits physical, 48 bits virtual
power management:

processor	: 14
vendor_id	: GenuineIntel
cpu family	: 6
model		: 141
model name	: 11th Gen Intel(R) Core(TM) i7-11800H @ 2.30GHz
stepping	: 1
microcode	: 0x3c
cpu MHz		: 2300.000
cache size	: 24576 KB
physical id	: 0
siblings	: 16
core id		: 6
cpu cores	: 8
apicid		: 13
initial apicid	: 13
fpu		: yes
fpu_exception	: yes
cpuid level	: 27
wp		: yes
flags		: fpu vme de pse tsc msr pae mce cx8 apic sep mtrr pge mca cmov pat pse36 clflush dts acpi mmx fxsr sse sse2 ss ht tm pbe syscall nx pdpe1gb rdtscp lm constant_tsc art arch_perfmon pebs bts rep_good nopl xtopology nonstop_tsc cpuid aperfmperf tsc_known_freq pni pclmulqdq dtes64 monitor ds_cpl vmx est tm2 ssse3 sdbg fma cx16 xtpr pdcm pcid sse4_1 sse4_2 x2apic movbe popcnt tsc_deadline_timer aes xsave avx f16c rdrand lahf_lm abm 3dnowprefetch cpuid_fault epb cat_l2 invpcid_single cdp_l2 ssbd ibrs ibpb stibp ibrs_enhanced tpr_shadow vnmi flexpriority ept vpid ept_ad fsgsbase tsc_adjust bmi1 avx2 smep bmi2 erms invpcid rdt_a avx512f avx512dq rdseed adx smap avx512ifma clflushopt clwb intel_pt avx512cd sha_ni avx512bw avx512vl xsaveopt xsavec xgetbv1 xsaves split_lock_detect dtherm ida arat pln pts hwp hwp_notify hwp_act_window hwp_epp hwp_pkg_req avx512vbmi umip pku ospke avx512_vbmi2 gfni vaes vpclmulqdq avx512_vnni avx512_bitalg avx512_vpopcntdq rdpid movdiri movdir64b fsrm avx512_vp2intersect md_clear flush_l1d arch_capabilities
vmx flags	: vnmi preemption_timer posted_intr invvpid ept_x_only ept_ad ept_1gb flexpriority apicv tsc_offset vtpr mtf vapic ept vpid unrestricted_guest vapic_reg vid ple pml ept_mode_based_exec tsc_scaling
bugs		: spectre_v1 spectre_v2 spec_store_bypass swapgs
bogomips	: 4608.00
clflush size	: 64
cache_alignment	: 64
address sizes	: 39 bits physical, 48 bits virtual
power management:

processor	: 15
vendor_id	: GenuineIntel
cpu family	: 6
model		: 141
model name	: 11th Gen Intel(R) Core(TM) i7-11800H @ 2.30GHz
stepping	: 1
microcode	: 0x3c
cpu MHz		: 2300.000
cache size	: 24576 KB
physical id	: 0
siblings	: 16
core id		: 7
cpu cores	: 8
apicid		: 15
initial apicid	: 15
fpu		: yes
fpu_exception	: yes
cpuid level	: 27
wp		: yes
flags		: fpu vme de pse tsc msr pae mce cx8 apic sep mtrr pge mca cmov pat pse36 clflush dts acpi mmx fxsr sse sse2 ss ht tm pbe syscall nx pdpe1gb rdtscp lm constant_tsc art arch_perfmon pebs bts rep_good nopl xtopology nonstop_tsc cpuid aperfmperf tsc_known_freq pni pclmulqdq dtes64 monitor ds_cpl vmx est tm2 ssse3 sdbg fma cx16 xtpr pdcm pcid sse4_1 sse4_2 x2apic movbe popcnt tsc_deadline_timer aes xsave avx f16c rdrand lahf_lm abm 3dnowprefetch cpuid_fault epb cat_l2 invpcid_single cdp_l2 ssbd ibrs ibpb stibp ibrs_enhanced tpr_shadow vnmi flexpriority ept vpid ept_ad fsgsbase tsc_adjust bmi1 avx2 smep bmi2 erms invpcid rdt_a avx512f avx512dq rdseed adx smap avx512ifma clflushopt clwb intel_pt avx512cd sha_ni avx512bw avx512vl xsaveopt xsavec xgetbv1 xsaves split_lock_detect dtherm ida arat pln pts hwp hwp_notify hwp_act_window hwp_epp hwp_pkg_req avx512vbmi umip pku ospke avx512_vbmi2 gfni vaes vpclmulqdq avx512_vnni avx512_bitalg avx512_vpopcntdq rdpid movdiri movdir64b fsrm avx512_vp2intersect md_clear flush_l1d arch_capabilities
vmx flags	: vnmi preemption_timer posted_intr invvpid ept_x_only ept_ad ept_1gb flexpriority apicv tsc_offset vtpr mtf vapic ept vpid unrestricted_guest vapic_reg vid ple pml ept_mode_based_exec tsc_scaling
bugs		: spectre_v1 spectre_v2 spec_store_bypass swapgs
bogomips	: 4608.00
clflush size	: 64
cache_alignment	: 64
address sizes	: 39 bits physical, 48 bits virtual
power management:



Memory: 4k page, physical 16099784k(9015980k free), swap 2097148k(2097148k free)

vm_info: OpenJDK 64-Bit Server VM (25.312-b07) for linux-amd64 JRE (1.8.0_312-8u312-b07-0ubuntu1~20.04-b07), built on Nov  3 2021 13:54:59 by "buildd" with gcc 9.3.0

time: Mon Mar 28 18:29:59 2022
timezone: CEST
elapsed time: 0.172705 seconds (0d 0h 0m 0s)

